{"/home/travis/build/npmtest/node-npmtest-stripe/test.js":{"path":"/home/travis/build/npmtest/node-npmtest-stripe/test.js","s":{"1":2,"2":2,"3":2,"4":2,"5":2,"6":2,"7":2,"8":1,"9":2,"10":2,"11":1,"12":1,"13":1,"14":1,"15":2,"16":2,"17":2,"18":2,"19":1,"20":1,"21":2,"22":2,"23":2,"24":1,"25":1,"26":1,"27":1,"28":1,"29":1,"30":1,"31":1,"32":1,"33":1,"34":1,"35":1,"36":1,"37":1,"38":1,"39":2,"40":2,"41":1,"42":2,"43":2,"44":1,"45":2,"46":2,"47":1,"48":2,"49":2,"50":1,"51":1,"52":1,"53":1,"54":1},"b":{"1":[2,1,1,1],"2":[1,1,1,1],"3":[1,1],"4":[1,1],"5":[1,1],"6":[1,1],"7":[1,1],"8":[1,1],"9":[1,1],"10":[1,1,1],"11":[1,1],"12":[1,1],"13":[1,1],"14":[1,1],"15":[1,1],"16":[1,1],"17":[1,1]},"f":{"1":2,"2":2,"3":2,"4":2,"5":2,"6":1,"7":1,"8":1,"9":2,"10":2,"11":2,"12":2,"13":1},"fnMap":{"1":{"name":"(anonymous_1)","line":12,"loc":{"start":{"line":12,"column":1},"end":{"line":12,"column":13}}},"2":{"name":"(anonymous_2)","line":19,"loc":{"start":{"line":19,"column":5},"end":{"line":19,"column":17}}},"3":{"name":"(anonymous_3)","line":23,"loc":{"start":{"line":23,"column":24},"end":{"line":23,"column":36}}},"4":{"name":"(anonymous_4)","line":61,"loc":{"start":{"line":61,"column":5},"end":{"line":61,"column":17}}},"5":{"name":"(anonymous_5)","line":82,"loc":{"start":{"line":82,"column":5},"end":{"line":82,"column":17}}},"6":{"name":"(anonymous_6)","line":91,"loc":{"start":{"line":91,"column":77},"end":{"line":94,"column":10}}},"7":{"name":"(anonymous_7)","line":112,"loc":{"start":{"line":112,"column":83},"end":{"line":115,"column":10}},"skip":true},"8":{"name":"(anonymous_8)","line":123,"loc":{"start":{"line":123,"column":77},"end":{"line":126,"column":10}},"skip":true},"9":{"name":"(anonymous_9)","line":139,"loc":{"start":{"line":139,"column":12},"end":{"line":139,"column":40}},"skip":true},"10":{"name":"(anonymous_10)","line":147,"loc":{"start":{"line":147,"column":77},"end":{"line":150,"column":10}},"skip":true},"11":{"name":"(anonymous_11)","line":158,"loc":{"start":{"line":158,"column":83},"end":{"line":161,"column":10}},"skip":true},"12":{"name":"(anonymous_12)","line":169,"loc":{"start":{"line":169,"column":79},"end":{"line":172,"column":10}},"skip":true},"13":{"name":"(anonymous_13)","line":180,"loc":{"start":{"line":180,"column":75},"end":{"line":183,"column":10}},"skip":true}},"statementMap":{"1":{"start":{"line":12,"column":0},"end":{"line":195,"column":5}},"2":{"start":{"line":14,"column":4},"end":{"line":14,"column":14}},"3":{"start":{"line":19,"column":4},"end":{"line":56,"column":9}},"4":{"start":{"line":21,"column":8},"end":{"line":21,"column":19}},"5":{"start":{"line":23,"column":8},"end":{"line":35,"column":13}},"6":{"start":{"line":24,"column":12},"end":{"line":34,"column":13}},"7":{"start":{"line":25,"column":16},"end":{"line":28,"column":30}},"8":{"start":{"line":30,"column":16},"end":{"line":33,"column":27}},"9":{"start":{"line":37,"column":8},"end":{"line":39,"column":21}},"10":{"start":{"line":40,"column":8},"end":{"line":53,"column":9}},"11":{"start":{"line":43,"column":12},"end":{"line":46,"column":14}},"12":{"start":{"line":47,"column":12},"end":{"line":47,"column":18}},"13":{"start":{"line":50,"column":12},"end":{"line":51,"column":33}},"14":{"start":{"line":52,"column":12},"end":{"line":52,"column":18}},"15":{"start":{"line":55,"column":8},"end":{"line":55,"column":35}},"16":{"start":{"line":61,"column":4},"end":{"line":63,"column":9}},"17":{"start":{"line":62,"column":8},"end":{"line":62,"column":15}},"18":{"start":{"line":64,"column":4},"end":{"line":77,"column":5}},"19":{"start":{"line":70,"column":8},"end":{"line":70,"column":14}},"20":{"start":{"line":76,"column":8},"end":{"line":76,"column":14}},"21":{"start":{"line":82,"column":4},"end":{"line":84,"column":9}},"22":{"start":{"line":83,"column":8},"end":{"line":83,"column":15}},"23":{"start":{"line":85,"column":4},"end":{"line":194,"column":5}},"24":{"start":{"line":91,"column":8},"end":{"line":99,"column":10}},"25":{"start":{"line":98,"column":12},"end":{"line":98,"column":35}},"26":{"start":{"line":102,"column":8},"end":{"line":104,"column":63}},"27":{"start":{"line":105,"column":8},"end":{"line":105,"column":14}},"28":{"start":{"line":112,"column":8},"end":{"line":121,"column":10},"skip":true},"29":{"start":{"line":119,"column":12},"end":{"line":119,"column":55},"skip":true},"30":{"start":{"line":120,"column":12},"end":{"line":120,"column":48},"skip":true},"31":{"start":{"line":123,"column":8},"end":{"line":136,"column":10},"skip":true},"32":{"start":{"line":130,"column":12},"end":{"line":130,"column":76},"skip":true},"33":{"start":{"line":131,"column":12},"end":{"line":131,"column":73},"skip":true},"34":{"start":{"line":132,"column":12},"end":{"line":132,"column":74},"skip":true},"35":{"start":{"line":133,"column":12},"end":{"line":133,"column":79},"skip":true},"36":{"start":{"line":134,"column":12},"end":{"line":134,"column":25},"skip":true},"37":{"start":{"line":135,"column":12},"end":{"line":135,"column":45},"skip":true},"38":{"start":{"line":138,"column":8},"end":{"line":145,"column":14},"skip":true},"39":{"start":{"line":143,"column":16},"end":{"line":143,"column":29},"skip":true},"40":{"start":{"line":144,"column":16},"end":{"line":144,"column":55},"skip":true},"41":{"start":{"line":147,"column":8},"end":{"line":156,"column":10},"skip":true},"42":{"start":{"line":154,"column":12},"end":{"line":154,"column":25},"skip":true},"43":{"start":{"line":155,"column":12},"end":{"line":155,"column":45},"skip":true},"44":{"start":{"line":158,"column":8},"end":{"line":167,"column":10},"skip":true},"45":{"start":{"line":165,"column":12},"end":{"line":165,"column":25},"skip":true},"46":{"start":{"line":166,"column":12},"end":{"line":166,"column":48},"skip":true},"47":{"start":{"line":169,"column":8},"end":{"line":178,"column":10},"skip":true},"48":{"start":{"line":176,"column":12},"end":{"line":176,"column":25},"skip":true},"49":{"start":{"line":177,"column":12},"end":{"line":177,"column":46},"skip":true},"50":{"start":{"line":180,"column":8},"end":{"line":189,"column":10},"skip":true},"51":{"start":{"line":187,"column":12},"end":{"line":187,"column":94},"skip":true},"52":{"start":{"line":188,"column":12},"end":{"line":188,"column":48},"skip":true},"53":{"start":{"line":192,"column":8},"end":{"line":192,"column":35},"skip":true},"54":{"start":{"line":193,"column":8},"end":{"line":193,"column":14},"skip":true}},"branchMap":{"1":{"line":25,"type":"binary-expr","locations":[{"start":{"line":25,"column":23},"end":{"line":25,"column":62}},{"start":{"line":26,"column":20},"end":{"line":26,"column":70}},{"start":{"line":27,"column":20},"end":{"line":27,"column":71}},{"start":{"line":28,"column":20},"end":{"line":28,"column":29}}]},"2":{"line":30,"type":"binary-expr","locations":[{"start":{"line":30,"column":23},"end":{"line":30,"column":37}},{"start":{"line":31,"column":20},"end":{"line":31,"column":61}},{"start":{"line":32,"column":20},"end":{"line":32,"column":70}},{"start":{"line":33,"column":20},"end":{"line":33,"column":26}}]},"3":{"line":37,"type":"cond-expr","locations":[{"start":{"line":38,"column":14},"end":{"line":38,"column":20}},{"start":{"line":39,"column":14},"end":{"line":39,"column":20}}]},"4":{"line":40,"type":"switch","locations":[{"start":{"line":42,"column":8},"end":{"line":47,"column":18}},{"start":{"line":49,"column":8},"end":{"line":52,"column":18}}]},"5":{"line":44,"type":"binary-expr","locations":[{"start":{"line":44,"column":16},"end":{"line":44,"column":44}},{"start":{"line":44,"column":48},"end":{"line":44,"column":66}}]},"6":{"line":50,"type":"binary-expr","locations":[{"start":{"line":50,"column":21},"end":{"line":50,"column":49}},{"start":{"line":50,"column":53},"end":{"line":50,"column":72}}]},"7":{"line":64,"type":"switch","locations":[{"start":{"line":69,"column":4},"end":{"line":70,"column":14}},{"start":{"line":75,"column":4},"end":{"line":76,"column":14}}]},"8":{"line":85,"type":"switch","locations":[{"start":{"line":90,"column":4},"end":{"line":105,"column":14}},{"start":{"line":111,"column":4},"end":{"line":193,"column":14},"skip":true}]},"9":{"line":91,"type":"binary-expr","locations":[{"start":{"line":91,"column":42},"end":{"line":91,"column":73}},{"start":{"line":91,"column":77},"end":{"line":99,"column":9}}]},"10":{"line":102,"type":"binary-expr","locations":[{"start":{"line":102,"column":18},"end":{"line":102,"column":32}},{"start":{"line":103,"column":12},"end":{"line":103,"column":53}},{"start":{"line":104,"column":12},"end":{"line":104,"column":61}}]},"11":{"line":112,"type":"binary-expr","locations":[{"start":{"line":112,"column":45},"end":{"line":112,"column":79},"skip":true},{"start":{"line":112,"column":83},"end":{"line":121,"column":9},"skip":true}]},"12":{"line":123,"type":"binary-expr","locations":[{"start":{"line":123,"column":42},"end":{"line":123,"column":73},"skip":true},{"start":{"line":123,"column":77},"end":{"line":136,"column":9},"skip":true}]},"13":{"line":138,"type":"binary-expr","locations":[{"start":{"line":138,"column":48},"end":{"line":138,"column":85},"skip":true},{"start":{"line":139,"column":12},"end":{"line":145,"column":13},"skip":true}]},"14":{"line":147,"type":"binary-expr","locations":[{"start":{"line":147,"column":42},"end":{"line":147,"column":73},"skip":true},{"start":{"line":147,"column":77},"end":{"line":156,"column":9},"skip":true}]},"15":{"line":158,"type":"binary-expr","locations":[{"start":{"line":158,"column":45},"end":{"line":158,"column":79},"skip":true},{"start":{"line":158,"column":83},"end":{"line":167,"column":9},"skip":true}]},"16":{"line":169,"type":"binary-expr","locations":[{"start":{"line":169,"column":43},"end":{"line":169,"column":75},"skip":true},{"start":{"line":169,"column":79},"end":{"line":178,"column":9},"skip":true}]},"17":{"line":180,"type":"binary-expr","locations":[{"start":{"line":180,"column":41},"end":{"line":180,"column":71},"skip":true},{"start":{"line":180,"column":75},"end":{"line":189,"column":9},"skip":true}]}},"code":["/* istanbul instrument in package npmtest_stripe */","/*jslint","    bitwise: true,","    browser: true,","    maxerr: 8,","    maxlen: 96,","    node: true,","    nomen: true,","    regexp: true,","    stupid: true","*/","(function () {","    'use strict';","    var local;","","","","    // run shared js-env code - pre-init","    (function () {","        // init local","        local = {};","        // init modeJs","        local.modeJs = (function () {","            try {","                return typeof navigator.userAgent === 'string' &&","                    typeof document.querySelector('body') === 'object' &&","                    typeof XMLHttpRequest.prototype.open === 'function' &&","                    'browser';","            } catch (errorCaughtBrowser) {","                return module.exports &&","                    typeof process.versions.node === 'string' &&","                    typeof require('http').createServer === 'function' &&","                    'node';","            }","        }());","        // init global","        local.global = local.modeJs === 'browser'","            ? window","            : global;","        switch (local.modeJs) {","        // re-init local from window.local","        case 'browser':","            local = local.global.utility2.objectSetDefault(","                local.global.utility2_rollup || local.global.local,","                local.global.utility2","            );","            break;","        // re-init local from example.js","        case 'node':","            local = (local.global.utility2_rollup || require('utility2'))","                .requireReadme();","            break;","        }","        // export local","        local.global.local = local;","    }());","","","","    // run shared js-env code - function","    (function () {","        return;","    }());","    switch (local.modeJs) {","","","","    // run browser js-env code - function","    case 'browser':","        break;","","","","    // run node js-env code - function","    case 'node':","        break;","    }","","","","    // run shared js-env code - post-init","    (function () {","        return;","    }());","    switch (local.modeJs) {","","","","    // run browser js-env code - post-init","    case 'browser':","        local.testCase_browser_nullCase = local.testCase_browser_nullCase || function (","            options,","            onError","        ) {","        /*","         * this function will test browsers's null-case handling-behavior-behavior","         */","            onError(null, options);","        };","","        // run tests","        local.nop(local.modeTest &&","            document.querySelector('#testRunButton1') &&","            document.querySelector('#testRunButton1').click());","        break;","","","","    // run node js-env code - post-init","    /* istanbul ignore next */","    case 'node':","        local.testCase_buildApidoc_default = local.testCase_buildApidoc_default || function (","            options,","            onError","        ) {","        /*","         * this function will test buildApidoc's default handling-behavior-behavior","         */","            options = { modulePathList: module.paths };","            local.buildApidoc(options, onError);","        };","","        local.testCase_buildApp_default = local.testCase_buildApp_default || function (","            options,","            onError","        ) {","        /*","         * this function will test buildApp's default handling-behavior-behavior","         */","            local.testCase_buildReadme_default(options, local.onErrorThrow);","            local.testCase_buildLib_default(options, local.onErrorThrow);","            local.testCase_buildTest_default(options, local.onErrorThrow);","            local.testCase_buildCustomOrg_default(options, local.onErrorThrow);","            options = [];","            local.buildApp(options, onError);","        };","","        local.testCase_buildCustomOrg_default = local.testCase_buildCustomOrg_default ||","            function (options, onError) {","            /*","             * this function will test buildCustomOrg's default handling-behavior","             */","                options = {};","                local.buildCustomOrg(options, onError);","            };","","        local.testCase_buildLib_default = local.testCase_buildLib_default || function (","            options,","            onError","        ) {","        /*","         * this function will test buildLib's default handling-behavior","         */","            options = {};","            local.buildLib(options, onError);","        };","","        local.testCase_buildReadme_default = local.testCase_buildReadme_default || function (","            options,","            onError","        ) {","        /*","         * this function will test buildReadme's default handling-behavior-behavior","         */","            options = {};","            local.buildReadme(options, onError);","        };","","        local.testCase_buildTest_default = local.testCase_buildTest_default || function (","            options,","            onError","        ) {","        /*","         * this function will test buildTest's default handling-behavior","         */","            options = {};","            local.buildTest(options, onError);","        };","","        local.testCase_webpage_default = local.testCase_webpage_default || function (","            options,","            onError","        ) {","        /*","         * this function will test webpage's default handling-behavior","         */","            options = { modeCoverageMerge: true, url: local.serverLocalHost + '?modeTest=1' };","            local.browserTest(options, onError);","        };","","        // run test-server","        local.testRunServer(local);","        break;","    }","}());",""],"l":{"12":2,"14":2,"19":2,"21":2,"23":2,"24":2,"25":2,"30":1,"37":2,"40":2,"43":1,"47":1,"50":1,"52":1,"55":2,"61":2,"62":2,"64":2,"70":1,"76":1,"82":2,"83":2,"85":2,"91":1,"98":1,"102":1,"105":1,"112":1,"119":1,"120":1,"123":1,"130":1,"131":1,"132":1,"133":1,"134":1,"135":1,"138":1,"143":2,"144":2,"147":1,"154":2,"155":2,"158":1,"165":2,"166":2,"169":1,"176":2,"177":2,"180":1,"187":1,"188":1,"192":1,"193":1}},"/home/travis/build/npmtest/node-npmtest-stripe/lib.npmtest_stripe.js":{"path":"/home/travis/build/npmtest/node-npmtest-stripe/lib.npmtest_stripe.js","s":{"1":2,"2":2,"3":2,"4":2,"5":2,"6":2,"7":2,"8":1,"9":2,"10":2,"11":2,"12":2,"13":1,"14":1,"15":1,"16":1},"b":{"1":[2,1,1,1],"2":[1,1,1,1],"3":[1,1],"4":[2,2],"5":[1,1]},"f":{"1":2,"2":2,"3":2},"fnMap":{"1":{"name":"(anonymous_1)","line":12,"loc":{"start":{"line":12,"column":1},"end":{"line":12,"column":13}}},"2":{"name":"(anonymous_2)","line":19,"loc":{"start":{"line":19,"column":5},"end":{"line":19,"column":17}}},"3":{"name":"(anonymous_3)","line":23,"loc":{"start":{"line":23,"column":24},"end":{"line":23,"column":36}}}},"statementMap":{"1":{"start":{"line":12,"column":0},"end":{"line":53,"column":5}},"2":{"start":{"line":14,"column":4},"end":{"line":14,"column":14}},"3":{"start":{"line":19,"column":4},"end":{"line":52,"column":9}},"4":{"start":{"line":21,"column":8},"end":{"line":21,"column":19}},"5":{"start":{"line":23,"column":8},"end":{"line":35,"column":13}},"6":{"start":{"line":24,"column":12},"end":{"line":34,"column":13}},"7":{"start":{"line":25,"column":16},"end":{"line":28,"column":30}},"8":{"start":{"line":30,"column":16},"end":{"line":33,"column":27}},"9":{"start":{"line":37,"column":8},"end":{"line":39,"column":21}},"10":{"start":{"line":41,"column":8},"end":{"line":41,"column":54}},"11":{"start":{"line":43,"column":8},"end":{"line":43,"column":51}},"12":{"start":{"line":45,"column":8},"end":{"line":51,"column":9}},"13":{"start":{"line":46,"column":12},"end":{"line":46,"column":57}},"14":{"start":{"line":48,"column":12},"end":{"line":48,"column":35}},"15":{"start":{"line":49,"column":12},"end":{"line":49,"column":49}},"16":{"start":{"line":50,"column":12},"end":{"line":50,"column":43}}},"branchMap":{"1":{"line":25,"type":"binary-expr","locations":[{"start":{"line":25,"column":23},"end":{"line":25,"column":62}},{"start":{"line":26,"column":20},"end":{"line":26,"column":70}},{"start":{"line":27,"column":20},"end":{"line":27,"column":71}},{"start":{"line":28,"column":20},"end":{"line":28,"column":29}}]},"2":{"line":30,"type":"binary-expr","locations":[{"start":{"line":30,"column":23},"end":{"line":30,"column":37}},{"start":{"line":31,"column":20},"end":{"line":31,"column":61}},{"start":{"line":32,"column":20},"end":{"line":32,"column":70}},{"start":{"line":33,"column":20},"end":{"line":33,"column":26}}]},"3":{"line":37,"type":"cond-expr","locations":[{"start":{"line":38,"column":14},"end":{"line":38,"column":20}},{"start":{"line":39,"column":14},"end":{"line":39,"column":20}}]},"4":{"line":41,"type":"binary-expr","locations":[{"start":{"line":41,"column":16},"end":{"line":41,"column":44}},{"start":{"line":41,"column":48},"end":{"line":41,"column":53}}]},"5":{"line":45,"type":"if","locations":[{"start":{"line":45,"column":8},"end":{"line":45,"column":8}},{"start":{"line":45,"column":8},"end":{"line":45,"column":8}}]}},"code":["/* istanbul instrument in package npmtest_stripe */","/*jslint","    bitwise: true,","    browser: true,","    maxerr: 8,","    maxlen: 96,","    node: true,","    nomen: true,","    regexp: true,","    stupid: true","*/","(function () {","    'use strict';","    var local;","","","","    // run shared js-env code - pre-init","    (function () {","        // init local","        local = {};","        // init modeJs","        local.modeJs = (function () {","            try {","                return typeof navigator.userAgent === 'string' &&","                    typeof document.querySelector('body') === 'object' &&","                    typeof XMLHttpRequest.prototype.open === 'function' &&","                    'browser';","            } catch (errorCaughtBrowser) {","                return module.exports &&","                    typeof process.versions.node === 'string' &&","                    typeof require('http').createServer === 'function' &&","                    'node';","            }","        }());","        // init global","        local.global = local.modeJs === 'browser'","            ? window","            : global;","        // init utility2_rollup","        local = local.global.utility2_rollup || local;","        // init lib","        local.local = local.npmtest_stripe = local;","        // init exports","        if (local.modeJs === 'browser') {","            local.global.utility2_npmtest_stripe = local;","        } else {","            module.exports = local;","            module.exports.__dirname = __dirname;","            module.exports.module = module;","        }","    }());","}());",""],"l":{"12":2,"14":2,"19":2,"21":2,"23":2,"24":2,"25":2,"30":1,"37":2,"41":2,"43":2,"45":2,"46":1,"48":1,"49":1,"50":1}},"/home/travis/build/npmtest/node-npmtest-stripe/example.js":{"path":"/home/travis/build/npmtest/node-npmtest-stripe/example.js","s":{"1":2,"2":2,"3":2,"4":2,"5":2,"6":2,"7":2,"8":1,"9":2,"10":2,"11":2,"12":2,"13":1,"14":2,"15":2,"16":2,"17":2,"18":2,"19":0,"20":2,"21":1,"22":1,"23":1,"24":1,"25":1,"26":0,"27":0,"28":1,"29":1,"30":2,"31":0,"32":0,"33":0,"34":1,"35":2,"36":2,"37":3,"38":3,"39":3,"40":3,"41":0,"42":3,"43":3,"44":3,"45":1,"46":3,"47":1,"48":1,"49":1,"50":1,"51":1,"52":1,"53":1,"54":1,"55":1,"56":1,"57":0,"58":1,"59":6,"60":6,"61":1,"62":2,"63":0,"64":2,"65":1,"66":1,"67":0,"68":0,"69":0,"70":0,"71":0,"72":0,"73":0,"74":0,"75":0,"76":0,"77":0,"78":0,"79":0,"80":0,"81":0,"82":0,"83":0},"b":{"1":[2,1,1,1],"2":[1,1,1,1],"3":[1,1],"4":[2,2],"5":[1,1],"6":[1,1],"7":[2,0],"8":[2,1,1,1,1,1],"9":[0,2,0],"10":[1,1],"11":[2,1,1],"12":[1,0],"13":[0,2],"14":[2,0,0,0,0,0,0],"15":[0,3],"16":[3,0],"17":[1,1],"18":[0,1],"19":[1,2,0,2],"20":[1,0],"21":[1,1],"22":[0,0],"23":[0,0],"24":[0,0],"25":[0,0],"26":[0,0],"27":[0,0],"28":[0,0]},"f":{"1":2,"2":2,"3":2,"4":2,"5":2,"6":2,"7":3,"8":3,"9":3,"10":1,"11":6,"12":0},"fnMap":{"1":{"name":"(anonymous_1)","line":26,"loc":{"start":{"line":26,"column":1},"end":{"line":26,"column":13}}},"2":{"name":"(anonymous_2)","line":33,"loc":{"start":{"line":33,"column":5},"end":{"line":33,"column":17}}},"3":{"name":"(anonymous_3)","line":37,"loc":{"start":{"line":37,"column":24},"end":{"line":37,"column":36}}},"4":{"name":"(anonymous_4)","line":69,"loc":{"start":{"line":69,"column":31},"end":{"line":69,"column":48}},"skip":true},"5":{"name":"(anonymous_5)","line":78,"loc":{"start":{"line":78,"column":26},"end":{"line":78,"column":45}},"skip":true},"6":{"name":"(anonymous_6)","line":123,"loc":{"start":{"line":123,"column":33},"end":{"line":123,"column":48}},"skip":true},"7":{"name":"(anonymous_7)","line":125,"loc":{"start":{"line":125,"column":27},"end":{"line":125,"column":39}},"skip":true},"8":{"name":"(anonymous_8)","line":133,"loc":{"start":{"line":133,"column":59},"end":{"line":133,"column":74}},"skip":true},"9":{"name":"(anonymous_9)","line":143,"loc":{"start":{"line":143,"column":45},"end":{"line":143,"column":62}},"skip":true},"10":{"name":"(anonymous_10)","line":144,"loc":{"start":{"line":144,"column":73},"end":{"line":144,"column":92}},"skip":true},"11":{"name":"(anonymous_11)","line":272,"loc":{"start":{"line":272,"column":51},"end":{"line":272,"column":77}},"skip":true},"12":{"name":"(anonymous_12)","line":315,"loc":{"start":{"line":315,"column":32},"end":{"line":315,"column":61}},"skip":true}},"statementMap":{"1":{"start":{"line":26,"column":0},"end":{"line":326,"column":5}},"2":{"start":{"line":28,"column":4},"end":{"line":28,"column":14}},"3":{"start":{"line":33,"column":4},"end":{"line":60,"column":9}},"4":{"start":{"line":35,"column":8},"end":{"line":35,"column":19}},"5":{"start":{"line":37,"column":8},"end":{"line":49,"column":13}},"6":{"start":{"line":38,"column":12},"end":{"line":48,"column":13}},"7":{"start":{"line":39,"column":16},"end":{"line":42,"column":30}},"8":{"start":{"line":44,"column":16},"end":{"line":47,"column":27}},"9":{"start":{"line":51,"column":8},"end":{"line":53,"column":21}},"10":{"start":{"line":55,"column":8},"end":{"line":57,"column":45}},"11":{"start":{"line":59,"column":8},"end":{"line":59,"column":35}},"12":{"start":{"line":61,"column":4},"end":{"line":325,"column":5}},"13":{"start":{"line":69,"column":8},"end":{"line":121,"column":10},"skip":true},"14":{"start":{"line":70,"column":12},"end":{"line":88,"column":13},"skip":true},"15":{"start":{"line":76,"column":16},"end":{"line":87,"column":19},"skip":true},"16":{"start":{"line":79,"column":20},"end":{"line":86,"column":21},"skip":true},"17":{"start":{"line":82,"column":24},"end":{"line":82,"column":43},"skip":true},"18":{"start":{"line":83,"column":24},"end":{"line":83,"column":30},"skip":true},"19":{"start":{"line":85,"column":24},"end":{"line":85,"column":49},"skip":true},"20":{"start":{"line":89,"column":12},"end":{"line":107,"column":13},"skip":true},"21":{"start":{"line":92,"column":16},"end":{"line":102,"column":17},"skip":true},"22":{"start":{"line":93,"column":20},"end":{"line":93,"column":86},"skip":true},"23":{"start":{"line":94,"column":20},"end":{"line":95,"column":45},"skip":true},"24":{"start":{"line":96,"column":20},"end":{"line":96,"column":42},"skip":true},"25":{"start":{"line":97,"column":20},"end":{"line":97,"column":48},"skip":true},"26":{"start":{"line":100,"column":20},"end":{"line":100,"column":85},"skip":true},"27":{"start":{"line":101,"column":20},"end":{"line":101,"column":96},"skip":true},"28":{"start":{"line":103,"column":16},"end":{"line":103,"column":22},"skip":true},"29":{"start":{"line":106,"column":16},"end":{"line":106,"column":22},"skip":true},"30":{"start":{"line":108,"column":12},"end":{"line":120,"column":13},"skip":true},"31":{"start":{"line":114,"column":16},"end":{"line":119,"column":17},"skip":true},"32":{"start":{"line":116,"column":20},"end":{"line":116,"column":78},"skip":true},"33":{"start":{"line":118,"column":20},"end":{"line":118,"column":47},"skip":true},"34":{"start":{"line":123,"column":8},"end":{"line":141,"column":11},"skip":true},"35":{"start":{"line":124,"column":12},"end":{"line":124,"column":54},"skip":true},"36":{"start":{"line":125,"column":12},"end":{"line":140,"column":14},"skip":true},"37":{"start":{"line":126,"column":16},"end":{"line":126,"column":28},"skip":true},"38":{"start":{"line":127,"column":16},"end":{"line":127,"column":69},"skip":true},"39":{"start":{"line":128,"column":16},"end":{"line":128,"column":75},"skip":true},"40":{"start":{"line":129,"column":16},"end":{"line":131,"column":17},"skip":true},"41":{"start":{"line":130,"column":20},"end":{"line":130,"column":27},"skip":true},"42":{"start":{"line":133,"column":16},"end":{"line":137,"column":36},"skip":true},"43":{"start":{"line":134,"column":20},"end":{"line":136,"column":55},"skip":true},"44":{"start":{"line":139,"column":16},"end":{"line":139,"column":57},"skip":true},"45":{"start":{"line":143,"column":8},"end":{"line":147,"column":11},"skip":true},"46":{"start":{"line":144,"column":12},"end":{"line":146,"column":15},"skip":true},"47":{"start":{"line":145,"column":16},"end":{"line":145,"column":70},"skip":true},"48":{"start":{"line":149,"column":8},"end":{"line":149,"column":31},"skip":true},"49":{"start":{"line":150,"column":8},"end":{"line":150,"column":14},"skip":true},"50":{"start":{"line":158,"column":8},"end":{"line":158,"column":31},"skip":true},"51":{"start":{"line":160,"column":8},"end":{"line":160,"column":33},"skip":true},"52":{"start":{"line":161,"column":8},"end":{"line":161,"column":37},"skip":true},"53":{"start":{"line":162,"column":8},"end":{"line":162,"column":35},"skip":true},"54":{"start":{"line":164,"column":8},"end":{"line":164,"column":50},"skip":true},"55":{"start":{"line":166,"column":8},"end":{"line":256,"column":2},"skip":true},"56":{"start":{"line":258,"column":8},"end":{"line":286,"column":9},"skip":true},"57":{"start":{"line":259,"column":12},"end":{"line":269,"column":14},"skip":true},"58":{"start":{"line":271,"column":12},"end":{"line":285,"column":19},"skip":true},"59":{"start":{"line":274,"column":20},"end":{"line":274,"column":35},"skip":true},"60":{"start":{"line":275,"column":20},"end":{"line":284,"column":21},"skip":true},"61":{"start":{"line":277,"column":24},"end":{"line":277,"column":64},"skip":true},"62":{"start":{"line":279,"column":24},"end":{"line":279,"column":40},"skip":true},"63":{"start":{"line":281,"column":24},"end":{"line":281,"column":40},"skip":true},"64":{"start":{"line":283,"column":24},"end":{"line":283,"column":39},"skip":true},"65":{"start":{"line":288,"column":8},"end":{"line":290,"column":9},"skip":true},"66":{"start":{"line":289,"column":12},"end":{"line":289,"column":18},"skip":true},"67":{"start":{"line":291,"column":8},"end":{"line":293,"column":54},"skip":true},"68":{"start":{"line":296,"column":8},"end":{"line":301,"column":37},"skip":true},"69":{"start":{"line":303,"column":8},"end":{"line":303,"column":82},"skip":true},"70":{"start":{"line":306,"column":8},"end":{"line":308,"column":9},"skip":true},"71":{"start":{"line":307,"column":12},"end":{"line":307,"column":82},"skip":true},"72":{"start":{"line":310,"column":8},"end":{"line":312,"column":9},"skip":true},"73":{"start":{"line":311,"column":12},"end":{"line":311,"column":18},"skip":true},"74":{"start":{"line":313,"column":8},"end":{"line":313,"column":54},"skip":true},"75":{"start":{"line":314,"column":8},"end":{"line":314,"column":69},"skip":true},"76":{"start":{"line":315,"column":8},"end":{"line":323,"column":36},"skip":true},"77":{"start":{"line":316,"column":12},"end":{"line":316,"column":61},"skip":true},"78":{"start":{"line":317,"column":12},"end":{"line":320,"column":13},"skip":true},"79":{"start":{"line":318,"column":16},"end":{"line":318,"column":75},"skip":true},"80":{"start":{"line":319,"column":16},"end":{"line":319,"column":23},"skip":true},"81":{"start":{"line":321,"column":12},"end":{"line":321,"column":38},"skip":true},"82":{"start":{"line":322,"column":12},"end":{"line":322,"column":27},"skip":true},"83":{"start":{"line":324,"column":8},"end":{"line":324,"column":14},"skip":true}},"branchMap":{"1":{"line":39,"type":"binary-expr","locations":[{"start":{"line":39,"column":23},"end":{"line":39,"column":62}},{"start":{"line":40,"column":20},"end":{"line":40,"column":70}},{"start":{"line":41,"column":20},"end":{"line":41,"column":71}},{"start":{"line":42,"column":20},"end":{"line":42,"column":29}}]},"2":{"line":44,"type":"binary-expr","locations":[{"start":{"line":44,"column":23},"end":{"line":44,"column":37}},{"start":{"line":45,"column":20},"end":{"line":45,"column":61}},{"start":{"line":46,"column":20},"end":{"line":46,"column":70}},{"start":{"line":47,"column":20},"end":{"line":47,"column":26}}]},"3":{"line":51,"type":"cond-expr","locations":[{"start":{"line":52,"column":14},"end":{"line":52,"column":20}},{"start":{"line":53,"column":14},"end":{"line":53,"column":20}}]},"4":{"line":55,"type":"binary-expr","locations":[{"start":{"line":55,"column":16},"end":{"line":55,"column":44}},{"start":{"line":55,"column":49},"end":{"line":57,"column":43}}]},"5":{"line":55,"type":"cond-expr","locations":[{"start":{"line":56,"column":14},"end":{"line":56,"column":50}},{"start":{"line":57,"column":14},"end":{"line":57,"column":43}}]},"6":{"line":61,"type":"switch","locations":[{"start":{"line":68,"column":4},"end":{"line":150,"column":14},"skip":true},{"start":{"line":156,"column":4},"end":{"line":324,"column":14},"skip":true}]},"7":{"line":70,"type":"if","locations":[{"start":{"line":70,"column":12},"end":{"line":70,"column":12},"skip":true},{"start":{"line":70,"column":12},"end":{"line":70,"column":12},"skip":true}]},"8":{"line":70,"type":"binary-expr","locations":[{"start":{"line":70,"column":16},"end":{"line":70,"column":22},"skip":true},{"start":{"line":70,"column":27},"end":{"line":70,"column":32},"skip":true},{"start":{"line":71,"column":20},"end":{"line":71,"column":39},"skip":true},{"start":{"line":72,"column":20},"end":{"line":72,"column":49},"skip":true},{"start":{"line":73,"column":20},"end":{"line":73,"column":58},"skip":true},{"start":{"line":74,"column":20},"end":{"line":74,"column":69},"skip":true}]},"9":{"line":79,"type":"switch","locations":[{"start":{"line":80,"column":20},"end":{"line":80,"column":33},"skip":true},{"start":{"line":81,"column":20},"end":{"line":83,"column":30},"skip":true},{"start":{"line":84,"column":20},"end":{"line":85,"column":49},"skip":true}]},"10":{"line":89,"type":"switch","locations":[{"start":{"line":90,"column":12},"end":{"line":103,"column":22},"skip":true},{"start":{"line":105,"column":12},"end":{"line":106,"column":22},"skip":true}]},"11":{"line":89,"type":"binary-expr","locations":[{"start":{"line":89,"column":20},"end":{"line":89,"column":25},"skip":true},{"start":{"line":89,"column":29},"end":{"line":89,"column":48},"skip":true},{"start":{"line":89,"column":52},"end":{"line":89,"column":74},"skip":true}]},"12":{"line":92,"type":"if","locations":[{"start":{"line":92,"column":16},"end":{"line":92,"column":16},"skip":true},{"start":{"line":92,"column":16},"end":{"line":92,"column":16},"skip":true}]},"13":{"line":108,"type":"if","locations":[{"start":{"line":108,"column":12},"end":{"line":108,"column":12},"skip":true},{"start":{"line":108,"column":12},"end":{"line":108,"column":12},"skip":true}]},"14":{"line":108,"type":"binary-expr","locations":[{"start":{"line":108,"column":16},"end":{"line":108,"column":61},"skip":true},{"start":{"line":108,"column":66},"end":{"line":108,"column":72},"skip":true},{"start":{"line":108,"column":77},"end":{"line":108,"column":82},"skip":true},{"start":{"line":109,"column":20},"end":{"line":109,"column":39},"skip":true},{"start":{"line":110,"column":20},"end":{"line":110,"column":49},"skip":true},{"start":{"line":111,"column":20},"end":{"line":111,"column":58},"skip":true},{"start":{"line":112,"column":20},"end":{"line":112,"column":68},"skip":true}]},"15":{"line":129,"type":"if","locations":[{"start":{"line":129,"column":16},"end":{"line":129,"column":16},"skip":true},{"start":{"line":129,"column":16},"end":{"line":129,"column":16},"skip":true}]},"16":{"line":134,"type":"cond-expr","locations":[{"start":{"line":135,"column":26},"end":{"line":135,"column":29},"skip":true},{"start":{"line":136,"column":26},"end":{"line":136,"column":54},"skip":true}]},"17":{"line":164,"type":"binary-expr","locations":[{"start":{"line":164,"column":27},"end":{"line":164,"column":43},"skip":true},{"start":{"line":164,"column":47},"end":{"line":164,"column":49},"skip":true}]},"18":{"line":258,"type":"if","locations":[{"start":{"line":258,"column":8},"end":{"line":258,"column":8},"skip":true},{"start":{"line":258,"column":8},"end":{"line":258,"column":8},"skip":true}]},"19":{"line":275,"type":"switch","locations":[{"start":{"line":276,"column":20},"end":{"line":277,"column":64},"skip":true},{"start":{"line":278,"column":20},"end":{"line":279,"column":40},"skip":true},{"start":{"line":280,"column":20},"end":{"line":281,"column":40},"skip":true},{"start":{"line":282,"column":20},"end":{"line":283,"column":39},"skip":true}]},"20":{"line":288,"type":"if","locations":[{"start":{"line":288,"column":8},"end":{"line":288,"column":8},"skip":true},{"start":{"line":288,"column":8},"end":{"line":288,"column":8},"skip":true}]},"21":{"line":288,"type":"binary-expr","locations":[{"start":{"line":288,"column":12},"end":{"line":288,"column":40},"skip":true},{"start":{"line":288,"column":44},"end":{"line":288,"column":67},"skip":true}]},"22":{"line":292,"type":"binary-expr","locations":[{"start":{"line":292,"column":12},"end":{"line":292,"column":50},"skip":true},{"start":{"line":293,"column":12},"end":{"line":293,"column":53},"skip":true}]},"23":{"line":297,"type":"binary-expr","locations":[{"start":{"line":297,"column":12},"end":{"line":297,"column":64},"skip":true},{"start":{"line":298,"column":12},"end":{"line":301,"column":36},"skip":true}]},"24":{"line":303,"type":"binary-expr","locations":[{"start":{"line":303,"column":43},"end":{"line":303,"column":75},"skip":true},{"start":{"line":303,"column":79},"end":{"line":303,"column":81},"skip":true}]},"25":{"line":306,"type":"if","locations":[{"start":{"line":306,"column":8},"end":{"line":306,"column":8},"skip":true},{"start":{"line":306,"column":8},"end":{"line":306,"column":8},"skip":true}]},"26":{"line":310,"type":"if","locations":[{"start":{"line":310,"column":8},"end":{"line":310,"column":8},"skip":true},{"start":{"line":310,"column":8},"end":{"line":310,"column":8},"skip":true}]},"27":{"line":313,"type":"binary-expr","locations":[{"start":{"line":313,"column":27},"end":{"line":313,"column":43},"skip":true},{"start":{"line":313,"column":47},"end":{"line":313,"column":53},"skip":true}]},"28":{"line":317,"type":"if","locations":[{"start":{"line":317,"column":12},"end":{"line":317,"column":12},"skip":true},{"start":{"line":317,"column":12},"end":{"line":317,"column":12},"skip":true}]}},"code":["/*","example.js","","quickstart example","","instruction","    1. save this script as example.js","    2. run the shell command:","        $ npm install npmtest-stripe && PORT=8081 node example.js","    3. play with the browser-demo on http://127.0.0.1:8081","*/","","","","/* istanbul instrument in package npmtest_stripe */","/*jslint","    bitwise: true,","    browser: true,","    maxerr: 8,","    maxlen: 96,","    node: true,","    nomen: true,","    regexp: true,","    stupid: true","*/","(function () {","    'use strict';","    var local;","","","","    // run shared js-env code - pre-init","    (function () {","        // init local","        local = {};","        // init modeJs","        local.modeJs = (function () {","            try {","                return typeof navigator.userAgent === 'string' &&","                    typeof document.querySelector('body') === 'object' &&","                    typeof XMLHttpRequest.prototype.open === 'function' &&","                    'browser';","            } catch (errorCaughtBrowser) {","                return module.exports &&","                    typeof process.versions.node === 'string' &&","                    typeof require('http').createServer === 'function' &&","                    'node';","            }","        }());","        // init global","        local.global = local.modeJs === 'browser'","            ? window","            : global;","        // init utility2_rollup","        local = local.global.utility2_rollup || (local.modeJs === 'browser'","            ? local.global.utility2_npmtest_stripe","            : global.utility2_moduleExports);","        // export local","        local.global.local = local;","    }());","    switch (local.modeJs) {","","","","    // post-init","    // run browser js-env code - post-init","    /* istanbul ignore next */","    case 'browser':","        local.testRunBrowser = function (event) {","            if (!event || (event &&","                    event.currentTarget &&","                    event.currentTarget.className &&","                    event.currentTarget.className.includes &&","                    event.currentTarget.className.includes('onreset'))) {","                // reset output","                Array.from(","                    document.querySelectorAll('body > .resettable')","                ).forEach(function (element) {","                    switch (element.tagName) {","                    case 'INPUT':","                    case 'TEXTAREA':","                        element.value = '';","                        break;","                    default:","                        element.textContent = '';","                    }","                });","            }","            switch (event && event.currentTarget && event.currentTarget.id) {","            case 'testRunButton1':","                // show tests","                if (document.querySelector('#testReportDiv1').style.display === 'none') {","                    document.querySelector('#testReportDiv1').style.display = 'block';","                    document.querySelector('#testRunButton1').textContent =","                        'hide internal test';","                    local.modeTest = true;","                    local.testRunDefault(local);","                // hide tests","                } else {","                    document.querySelector('#testReportDiv1').style.display = 'none';","                    document.querySelector('#testRunButton1').textContent = 'run internal test';","                }","                break;","            // custom-case","            default:","                break;","            }","            if (document.querySelector('#inputTextareaEval1') && (!event || (event &&","                    event.currentTarget &&","                    event.currentTarget.className &&","                    event.currentTarget.className.includes &&","                    event.currentTarget.className.includes('oneval')))) {","                // try to eval input-code","                try {","                    /*jslint evil: true*/","                    eval(document.querySelector('#inputTextareaEval1').value);","                } catch (errorCaught) {","                    console.error(errorCaught);","                }","            }","        };","        // log stderr and stdout to #outputTextareaStdout1","        ['error', 'log'].forEach(function (key) {","            console[key + '_original'] = console[key];","            console[key] = function () {","                var element;","                console[key + '_original'].apply(console, arguments);","                element = document.querySelector('#outputTextareaStdout1');","                if (!element) {","                    return;","                }","                // append text to #outputTextareaStdout1","                element.value += Array.from(arguments).map(function (arg) {","                    return typeof arg === 'string'","                        ? arg","                        : JSON.stringify(arg, null, 4);","                }).join(' ') + '\\n';","                // scroll textarea to bottom","                element.scrollTop = element.scrollHeight;","            };","        });","        // init event-handling","        ['change', 'click', 'keyup'].forEach(function (event) {","            Array.from(document.querySelectorAll('.on' + event)).forEach(function (element) {","                element.addEventListener(event, local.testRunBrowser);","            });","        });","        // run tests","        local.testRunBrowser();","        break;","","","","    // run node js-env code - post-init","    /* istanbul ignore next */","    case 'node':","        // export local","        module.exports = local;","        // require modules","        local.fs = require('fs');","        local.http = require('http');","        local.url = require('url');","        // init assets","        local.assetsDict = local.assetsDict || {};","        /* jslint-ignore-begin */","        local.assetsDict['/assets.index.template.html'] = '\\","<!doctype html>\\n\\","<html lang=\"en\">\\n\\","<head>\\n\\","<meta charset=\"UTF-8\">\\n\\","<meta name=\"viewport\" content=\"width=device-width, initial-scale=1\">\\n\\","<title>{{env.npm_package_name}} (v{{env.npm_package_version}})</title>\\n\\","<style>\\n\\","/*csslint\\n\\","    box-sizing: false,\\n\\","    universal-selector: false\\n\\","*/\\n\\","* {\\n\\","    box-sizing: border-box;\\n\\","}\\n\\","body {\\n\\","    background: #dde;\\n\\","    font-family: Arial, Helvetica, sans-serif;\\n\\","    margin: 2rem;\\n\\","}\\n\\","body > * {\\n\\","    margin-bottom: 1rem;\\n\\","}\\n\\",".utility2FooterDiv {\\n\\","    margin-top: 20px;\\n\\","    text-align: center;\\n\\","}\\n\\","</style>\\n\\","<style>\\n\\","/*csslint\\n\\","*/\\n\\","textarea {\\n\\","    font-family: monospace;\\n\\","    height: 10rem;\\n\\","    width: 100%;\\n\\","}\\n\\","textarea[readonly] {\\n\\","    background: #ddd;\\n\\","}\\n\\","</style>\\n\\","</head>\\n\\","<body>\\n\\","<!-- utility2-comment\\n\\","<div id=\"ajaxProgressDiv1\" style=\"background: #d00; height: 2px; left: 0; margin: 0; padding: 0; position: fixed; top: 0; transition: background 0.5s, width 1.5s; width: 25%;\"></div>\\n\\","utility2-comment -->\\n\\","<h1>\\n\\","<!-- utility2-comment\\n\\","    <a\\n\\","        {{#if env.npm_package_homepage}}\\n\\","        href=\"{{env.npm_package_homepage}}\"\\n\\","        {{/if env.npm_package_homepage}}\\n\\","        target=\"_blank\"\\n\\","    >\\n\\","utility2-comment -->\\n\\","        {{env.npm_package_name}} (v{{env.npm_package_version}})\\n\\","<!-- utility2-comment\\n\\","    </a>\\n\\","utility2-comment -->\\n\\","</h1>\\n\\","<h3>{{env.npm_package_description}}</h3>\\n\\","<!-- utility2-comment\\n\\","<h4><a download href=\"assets.app.js\">download standalone app</a></h4>\\n\\","<button class=\"onclick onreset\" id=\"testRunButton1\">run internal test</button><br>\\n\\","<div id=\"testReportDiv1\" style=\"display: none;\"></div>\\n\\","utility2-comment -->\\n\\","\\n\\","\\n\\","\\n\\","<label>stderr and stdout</label>\\n\\","<textarea class=\"resettable\" id=\"outputTextareaStdout1\" readonly></textarea>\\n\\","<!-- utility2-comment\\n\\","{{#if isRollup}}\\n\\","<script src=\"assets.app.js\"></script>\\n\\","{{#unless isRollup}}\\n\\","utility2-comment -->\\n\\","<script src=\"assets.utility2.rollup.js\"></script>\\n\\","<script src=\"jsonp.utility2._stateInit?callback=window.utility2._stateInit\"></script>\\n\\","<script src=\"assets.npmtest_stripe.rollup.js\"></script>\\n\\","<script src=\"assets.example.js\"></script>\\n\\","<script src=\"assets.test.js\"></script>\\n\\","<!-- utility2-comment\\n\\","{{/if isRollup}}\\n\\","utility2-comment -->\\n\\","<div class=\"utility2FooterDiv\">\\n\\","    [ this app was created with\\n\\","    <a href=\"https://github.com/kaizhu256/node-utility2\" target=\"_blank\">utility2</a>\\n\\","    ]\\n\\","</div>\\n\\","</body>\\n\\","</html>\\n\\","';","        /* jslint-ignore-end */","        if (local.templateRender) {","            local.assetsDict['/'] = local.templateRender(","                local.assetsDict['/assets.index.template.html'],","                {","                    env: local.objectSetDefault(local.env, {","                        npm_package_description: 'the greatest app in the world!',","                        npm_package_name: 'my-app',","                        npm_package_nameAlias: 'my_app',","                        npm_package_version: '0.0.1'","                    })","                }","            );","        } else {","            local.assetsDict['/'] = local.assetsDict['/assets.index.template.html']","                .replace((/\\{\\{env\\.(\\w+?)\\}\\}/g), function (match0, match1) {","                    // jslint-hack","                    String(match0);","                    switch (match1) {","                    case 'npm_package_description':","                        return 'the greatest app in the world!';","                    case 'npm_package_name':","                        return 'my-app';","                    case 'npm_package_nameAlias':","                        return 'my_app';","                    case 'npm_package_version':","                        return '0.0.1';","                    }","                });","        }","        // run the cli","        if (local.global.utility2_rollup || module !== require.main) {","            break;","        }","        local.assetsDict['/assets.example.js'] =","            local.assetsDict['/assets.example.js'] ||","            local.fs.readFileSync(__filename, 'utf8');","        // bug-workaround - long $npm_package_buildCustomOrg","        /* jslint-ignore-begin */","        local.assetsDict['/assets.npmtest_stripe.rollup.js'] =","            local.assetsDict['/assets.npmtest_stripe.rollup.js'] ||","            local.fs.readFileSync(","                local.npmtest_stripe.__dirname + '/lib.npmtest_stripe.js',","                'utf8'","            ).replace((/^#!/), '//');","        /* jslint-ignore-end */","        local.assetsDict['/favicon.ico'] = local.assetsDict['/favicon.ico'] || '';","        // if $npm_config_timeout_exit exists,","        // then exit this process after $npm_config_timeout_exit ms","        if (Number(process.env.npm_config_timeout_exit)) {","            setTimeout(process.exit, Number(process.env.npm_config_timeout_exit));","        }","        // start server","        if (local.global.utility2_serverHttp1) {","            break;","        }","        process.env.PORT = process.env.PORT || '8081';","        console.error('server starting on port ' + process.env.PORT);","        local.http.createServer(function (request, response) {","            request.urlParsed = local.url.parse(request.url);","            if (local.assetsDict[request.urlParsed.pathname] !== undefined) {","                response.end(local.assetsDict[request.urlParsed.pathname]);","                return;","            }","            response.statusCode = 404;","            response.end();","        }).listen(process.env.PORT);","        break;","    }","}());",""],"l":{"26":2,"28":2,"33":2,"35":2,"37":2,"38":2,"39":2,"44":1,"51":2,"55":2,"59":2,"61":2,"69":1,"70":2,"76":2,"79":2,"82":2,"83":2,"85":1,"89":2,"92":1,"93":1,"94":1,"96":1,"97":1,"100":1,"101":1,"103":1,"106":1,"108":2,"114":1,"116":1,"118":1,"123":1,"124":2,"125":2,"126":3,"127":3,"128":3,"129":3,"130":1,"133":3,"134":3,"139":3,"143":1,"144":3,"145":1,"149":1,"150":1,"158":1,"160":1,"161":1,"162":1,"164":1,"166":1,"258":1,"259":1,"271":1,"274":6,"275":6,"277":1,"279":2,"281":1,"283":2,"288":1,"289":1,"291":1,"296":1,"303":1,"306":1,"307":1,"310":1,"311":1,"313":1,"314":1,"315":1,"316":1,"317":1,"318":1,"319":1,"321":1,"322":1,"324":1}},"/home/travis/build/npmtest/node-npmtest-stripe/node_modules/stripe/lib/stripe.js":{"path":"/home/travis/build/npmtest/node-npmtest-stripe/node_modules/stripe/lib/stripe.js","s":{"1":1,"2":1,"3":1,"4":1,"5":1,"6":1,"7":1,"8":1,"9":1,"10":1,"11":1,"12":1,"13":1,"14":0,"15":0,"16":0,"17":0,"18":0,"19":0,"20":1,"21":0,"22":0,"23":0,"24":0,"25":0,"26":0,"27":0,"28":0,"29":0,"30":0,"31":0,"32":0,"33":0,"34":0,"35":0,"36":0,"37":0,"38":0,"39":0,"40":0,"41":0,"42":0,"43":0,"44":0,"45":0,"46":0,"47":0,"48":0,"49":0,"50":1,"51":1},"b":{"1":[0,0],"2":[0,0],"3":[0,0],"4":[0,0],"5":[0,0],"6":[0,0],"7":[0,0],"8":[0,0]},"f":{"1":0,"2":0,"3":0,"4":0,"5":0,"6":0,"7":0,"8":0,"9":0,"10":0,"11":0,"12":0,"13":0,"14":0,"15":0,"16":0},"fnMap":{"1":{"name":"Stripe","line":71,"loc":{"start":{"line":71,"column":0},"end":{"line":71,"column":30}}},"2":{"name":"(anonymous_2)","line":94,"loc":{"start":{"line":94,"column":11},"end":{"line":94,"column":42}}},"3":{"name":"(anonymous_3)","line":104,"loc":{"start":{"line":104,"column":15},"end":{"line":104,"column":34}}},"4":{"name":"(anonymous_4)","line":108,"loc":{"start":{"line":108,"column":11},"end":{"line":108,"column":26}}},"5":{"name":"(anonymous_5)","line":112,"loc":{"start":{"line":112,"column":17},"end":{"line":112,"column":35}}},"6":{"name":"(anonymous_6)","line":118,"loc":{"start":{"line":118,"column":13},"end":{"line":118,"column":27}}},"7":{"name":"(anonymous_7)","line":127,"loc":{"start":{"line":127,"column":14},"end":{"line":127,"column":32}}},"8":{"name":"(anonymous_8)","line":134,"loc":{"start":{"line":134,"column":16},"end":{"line":134,"column":32}}},"9":{"name":"(anonymous_9)","line":138,"loc":{"start":{"line":138,"column":16},"end":{"line":138,"column":37}}},"10":{"name":"(anonymous_10)","line":142,"loc":{"start":{"line":142,"column":15},"end":{"line":142,"column":29}}},"11":{"name":"(anonymous_11)","line":146,"loc":{"start":{"line":146,"column":15},"end":{"line":146,"column":27}}},"12":{"name":"(anonymous_12)","line":152,"loc":{"start":{"line":152,"column":22},"end":{"line":152,"column":35}}},"13":{"name":"(anonymous_13)","line":156,"loc":{"start":{"line":156,"column":53},"end":{"line":156,"column":67}}},"14":{"name":"(anonymous_14)","line":164,"loc":{"start":{"line":164,"column":28},"end":{"line":164,"column":47}}},"15":{"name":"(anonymous_15)","line":165,"loc":{"start":{"line":165,"column":21},"end":{"line":165,"column":42}}},"16":{"name":"(anonymous_16)","line":178,"loc":{"start":{"line":178,"column":18},"end":{"line":178,"column":29}}}},"statementMap":{"1":{"start":{"line":3,"column":0},"end":{"line":3,"column":39}},"2":{"start":{"line":4,"column":0},"end":{"line":4,"column":28}},"3":{"start":{"line":5,"column":0},"end":{"line":5,"column":34}},"4":{"start":{"line":6,"column":0},"end":{"line":6,"column":34}},"5":{"start":{"line":9,"column":0},"end":{"line":9,"column":64}},"6":{"start":{"line":11,"column":0},"end":{"line":11,"column":60}},"7":{"start":{"line":13,"column":0},"end":{"line":20,"column":2}},"8":{"start":{"line":22,"column":0},"end":{"line":22,"column":36}},"9":{"start":{"line":24,"column":0},"end":{"line":24,"column":41}},"10":{"start":{"line":26,"column":0},"end":{"line":66,"column":2}},"11":{"start":{"line":68,"column":0},"end":{"line":68,"column":52}},"12":{"start":{"line":69,"column":0},"end":{"line":69,"column":29}},"13":{"start":{"line":71,"column":0},"end":{"line":90,"column":1}},"14":{"start":{"line":72,"column":2},"end":{"line":74,"column":3}},"15":{"start":{"line":73,"column":4},"end":{"line":73,"column":36}},"16":{"start":{"line":76,"column":2},"end":{"line":85,"column":4}},"17":{"start":{"line":87,"column":2},"end":{"line":87,"column":24}},"18":{"start":{"line":88,"column":2},"end":{"line":88,"column":22}},"19":{"start":{"line":89,"column":2},"end":{"line":89,"column":30}},"20":{"start":{"line":92,"column":0},"end":{"line":186,"column":2}},"21":{"start":{"line":95,"column":4},"end":{"line":95,"column":36}},"22":{"start":{"line":96,"column":4},"end":{"line":98,"column":5}},"23":{"start":{"line":97,"column":6},"end":{"line":97,"column":25}},"24":{"start":{"line":99,"column":4},"end":{"line":101,"column":5}},"25":{"start":{"line":100,"column":6},"end":{"line":100,"column":33}},"26":{"start":{"line":105,"column":4},"end":{"line":105,"column":58}},"27":{"start":{"line":109,"column":4},"end":{"line":109,"column":36}},"28":{"start":{"line":113,"column":4},"end":{"line":115,"column":5}},"29":{"start":{"line":114,"column":6},"end":{"line":114,"column":44}},"30":{"start":{"line":119,"column":4},"end":{"line":124,"column":5}},"31":{"start":{"line":120,"column":6},"end":{"line":123,"column":8}},"32":{"start":{"line":128,"column":4},"end":{"line":131,"column":6}},"33":{"start":{"line":135,"column":4},"end":{"line":135,"column":38}},"34":{"start":{"line":139,"column":4},"end":{"line":139,"column":27}},"35":{"start":{"line":143,"column":4},"end":{"line":143,"column":26}},"36":{"start":{"line":147,"column":4},"end":{"line":147,"column":21}},"37":{"start":{"line":153,"column":4},"end":{"line":155,"column":5}},"38":{"start":{"line":154,"column":6},"end":{"line":154,"column":46}},"39":{"start":{"line":156,"column":4},"end":{"line":159,"column":6}},"40":{"start":{"line":157,"column":6},"end":{"line":157,"column":41}},"41":{"start":{"line":158,"column":6},"end":{"line":158,"column":39}},"42":{"start":{"line":165,"column":4},"end":{"line":175,"column":7}},"43":{"start":{"line":166,"column":6},"end":{"line":166,"column":25}},"44":{"start":{"line":167,"column":6},"end":{"line":169,"column":7}},"45":{"start":{"line":168,"column":8},"end":{"line":168,"column":59}},"46":{"start":{"line":172,"column":6},"end":{"line":172,"column":63}},"47":{"start":{"line":174,"column":6},"end":{"line":174,"column":36}},"48":{"start":{"line":179,"column":4},"end":{"line":183,"column":5}},"49":{"start":{"line":180,"column":6},"end":{"line":182,"column":36}},"50":{"start":{"line":188,"column":0},"end":{"line":188,"column":24}},"51":{"start":{"line":190,"column":0},"end":{"line":190,"column":31}}},"branchMap":{"1":{"line":72,"type":"if","locations":[{"start":{"line":72,"column":2},"end":{"line":72,"column":2}},{"start":{"line":72,"column":2},"end":{"line":72,"column":2}}]},"2":{"line":96,"type":"if","locations":[{"start":{"line":96,"column":4},"end":{"line":96,"column":4}},{"start":{"line":96,"column":4},"end":{"line":96,"column":4}}]},"3":{"line":99,"type":"if","locations":[{"start":{"line":99,"column":4},"end":{"line":99,"column":4}},{"start":{"line":99,"column":4},"end":{"line":99,"column":4}}]},"4":{"line":113,"type":"if","locations":[{"start":{"line":113,"column":4},"end":{"line":113,"column":4}},{"start":{"line":113,"column":4},"end":{"line":113,"column":4}}]},"5":{"line":119,"type":"if","locations":[{"start":{"line":119,"column":4},"end":{"line":119,"column":4}},{"start":{"line":119,"column":4},"end":{"line":119,"column":4}}]},"6":{"line":130,"type":"cond-expr","locations":[{"start":{"line":130,"column":24},"end":{"line":130,"column":46}},{"start":{"line":130,"column":49},"end":{"line":130,"column":56}}]},"7":{"line":153,"type":"if","locations":[{"start":{"line":153,"column":4},"end":{"line":153,"column":4}},{"start":{"line":153,"column":4},"end":{"line":153,"column":4}}]},"8":{"line":172,"type":"binary-expr","locations":[{"start":{"line":172,"column":24},"end":{"line":172,"column":49}},{"start":{"line":172,"column":53},"end":{"line":172,"column":62}}]}},"code":["'use strict';","","Stripe.DEFAULT_HOST = 'api.stripe.com';","Stripe.DEFAULT_PORT = '443';","Stripe.DEFAULT_BASE_PATH = '/v1/';","Stripe.DEFAULT_API_VERSION = null;","","// Use node's default timeout:","Stripe.DEFAULT_TIMEOUT = require('http').createServer().timeout;","","Stripe.PACKAGE_VERSION = require('../package.json').version;","","Stripe.USER_AGENT = {","  bindings_version: Stripe.PACKAGE_VERSION,","  lang: 'node',","  lang_version: process.version,","  platform: process.platform,","  publisher: 'stripe',","  uname: null,","};","","Stripe.USER_AGENT_SERIALIZED = null;","","var exec = require('child_process').exec;","","var resources = {","  // Support Accounts for consistency, Account for backwards compat","  Account: require('./resources/Accounts'),","  Accounts: require('./resources/Accounts'),","  ApplePayDomains: require('./resources/ApplePayDomains'),","  Balance: require('./resources/Balance'),","  Charges: require('./resources/Charges'),","  CountrySpecs: require('./resources/CountrySpecs'),","  Coupons: require('./resources/Coupons'),","  Customers: require('./resources/Customers'),","  Disputes: require('./resources/Disputes'),","  Events: require('./resources/Events'),","  Invoices: require('./resources/Invoices'),","  InvoiceItems: require('./resources/InvoiceItems'),","  Payouts: require('./resources/Payouts'),","  Plans: require('./resources/Plans'),","  RecipientCards: require('./resources/RecipientCards'),","  Recipients: require('./resources/Recipients'),","  Refunds: require('./resources/Refunds'),","  Tokens: require('./resources/Tokens'),","  Transfers: require('./resources/Transfers'),","  ApplicationFees: require('./resources/ApplicationFees'),","  FileUploads: require('./resources/FileUploads'),","  BitcoinReceivers: require('./resources/BitcoinReceivers'),","  Products: require('./resources/Products'),","  Skus: require('./resources/SKUs'),","  Orders: require('./resources/Orders'),","  OrderReturns: require('./resources/OrderReturns'),","  Subscriptions: require('./resources/Subscriptions'),","  SubscriptionItems: require('./resources/SubscriptionItems'),","  ThreeDSecure: require('./resources/ThreeDSecure'),","  Sources: require('./resources/Sources'),","","  // The following rely on pre-filled IDs:","  CustomerCards: require('./resources/CustomerCards'),","  CustomerSubscriptions: require('./resources/CustomerSubscriptions'),","  ChargeRefunds: require('./resources/ChargeRefunds'),","  ApplicationFeeRefunds: require('./resources/ApplicationFeeRefunds'),","  TransferReversals: require('./resources/TransferReversals'),","","};","","Stripe.StripeResource = require('./StripeResource');","Stripe.resources = resources;","","function Stripe(key, version) {","  if (!(this instanceof Stripe)) {","    return new Stripe(key, version);","  }","","  this._api = {","    auth: null,","    host: Stripe.DEFAULT_HOST,","    port: Stripe.DEFAULT_PORT,","    basePath: Stripe.DEFAULT_BASE_PATH,","    version: Stripe.DEFAULT_API_VERSION,","    timeout: Stripe.DEFAULT_TIMEOUT,","    agent: null,","    dev: false,","  };","","  this._prepResources();","  this.setApiKey(key);","  this.setApiVersion(version);","}","","Stripe.prototype = {","","  setHost: function(host, port, protocol) {","    this._setApiField('host', host);","    if (port) {","      this.setPort(port);","    }","    if (protocol) {","      this.setProtocol(protocol);","    }","  },","","  setProtocol: function(protocol) {","    this._setApiField('protocol', protocol.toLowerCase());","  },","","  setPort: function(port) {","    this._setApiField('port', port);","  },","","  setApiVersion: function(version) {","    if (version) {","      this._setApiField('version', version);","    }","  },","","  setApiKey: function(key) {","    if (key) {","      this._setApiField(","        'auth',","        'Basic ' + new Buffer(key + ':').toString('base64')","      );","    }","  },","","  setTimeout: function(timeout) {","    this._setApiField(","      'timeout',","      timeout == null ? Stripe.DEFAULT_TIMEOUT : timeout","    );","  },","","  setHttpAgent: function(agent) {","    this._setApiField('agent', agent);","  },","","  _setApiField: function(key, value) {","    this._api[key] = value;","  },","","  getApiField: function(key) {","    return this._api[key];","  },","","  getConstant: function(c) {","    return Stripe[c];","  },","","  // Gets a JSON version of a User-Agent and uses a cached version for a slight","  // speed advantage.","  getClientUserAgent: function(cb) {","    if (Stripe.USER_AGENT_SERIALIZED) {","      return cb(Stripe.USER_AGENT_SERIALIZED);","    }","    this.getClientUserAgentSeeded(Stripe.USER_AGENT, function(cua) {","      Stripe.USER_AGENT_SERIALIZED = cua;","      cb(Stripe.USER_AGENT_SERIALIZED);","    })","  },","","  // Gets a JSON version of a User-Agent by encoding a seeded object and","  // fetching a uname from the system.","  getClientUserAgentSeeded: function(seed, cb) {","    exec('uname -a', function(err, uname) {","      var userAgent = {};","      for (var field in seed) {","        userAgent[field] = encodeURIComponent(seed[field]);","      }","","      // URI-encode in case there are unusual characters in the system's uname.","      userAgent.uname = encodeURIComponent(uname) || 'UNKNOWN';","","      cb(JSON.stringify(userAgent));","    });","  },","","  _prepResources: function() {","    for (var name in resources) {","      this[","        name[0].toLowerCase() + name.substring(1)","      ] = new resources[name](this);","    }","  },","","};","","module.exports = Stripe;","// expose constructor as a named property to enable mocking with Sinon.JS","module.exports.Stripe = Stripe;",""],"l":{"3":1,"4":1,"5":1,"6":1,"9":1,"11":1,"13":1,"22":1,"24":1,"26":1,"68":1,"69":1,"71":1,"72":0,"73":0,"76":0,"87":0,"88":0,"89":0,"92":1,"95":0,"96":0,"97":0,"99":0,"100":0,"105":0,"109":0,"113":0,"114":0,"119":0,"120":0,"128":0,"135":0,"139":0,"143":0,"147":0,"153":0,"154":0,"156":0,"157":0,"158":0,"165":0,"166":0,"167":0,"168":0,"172":0,"174":0,"179":0,"180":0,"188":1,"190":1}},"/home/travis/build/npmtest/node-npmtest-stripe/node_modules/stripe/lib/resources/Accounts.js":{"path":"/home/travis/build/npmtest/node-npmtest-stripe/node_modules/stripe/lib/resources/Accounts.js","s":{"1":1,"2":1,"3":1,"4":1,"5":0,"6":0,"7":0,"8":0,"9":0},"b":{"1":[0,0],"2":[0,0],"3":[0,0]},"f":{"1":0},"fnMap":{"1":{"name":"(anonymous_1)","line":39,"loc":{"start":{"line":39,"column":12},"end":{"line":39,"column":25}}}},"statementMap":{"1":{"start":{"line":3,"column":0},"end":{"line":3,"column":50}},"2":{"start":{"line":4,"column":0},"end":{"line":4,"column":41}},"3":{"start":{"line":5,"column":0},"end":{"line":5,"column":32}},"4":{"start":{"line":7,"column":0},"end":{"line":94,"column":3}},"5":{"start":{"line":42,"column":4},"end":{"line":57,"column":5}},"6":{"start":{"line":43,"column":6},"end":{"line":47,"column":32}},"7":{"start":{"line":49,"column":6},"end":{"line":52,"column":7}},"8":{"start":{"line":51,"column":8},"end":{"line":51,"column":34}},"9":{"start":{"line":53,"column":6},"end":{"line":56,"column":32}}},"branchMap":{"1":{"line":42,"type":"if","locations":[{"start":{"line":42,"column":4},"end":{"line":42,"column":4}},{"start":{"line":42,"column":4},"end":{"line":42,"column":4}}]},"2":{"line":49,"type":"if","locations":[{"start":{"line":49,"column":6},"end":{"line":49,"column":6}},{"start":{"line":49,"column":6},"end":{"line":49,"column":6}}]},"3":{"line":49,"type":"binary-expr","locations":[{"start":{"line":49,"column":10},"end":{"line":49,"column":21}},{"start":{"line":49,"column":25},"end":{"line":49,"column":41}}]}},"code":["'use strict';","","var StripeResource = require('../StripeResource');","var stripeMethod = StripeResource.method;","var utils = require('../utils');","","module.exports = StripeResource.extend({","  // Since path can either be `account` or `accounts`, support both through stripeMethod path","","  create: stripeMethod({","    method: 'POST',","    path: 'accounts',","  }),","","  list: stripeMethod({","    method: 'GET',","    path: 'accounts',","  }),","","  update: stripeMethod({","    method: 'POST',","    path: 'accounts/{id}',","    urlParams: ['id'],","  }),","","  // Avoid 'delete' keyword in JS","  del: stripeMethod({","    method: 'DELETE',","    path: 'accounts/{id}',","    urlParams: ['id'],","  }),","","  reject: stripeMethod({","    method: 'POST',","    path: 'accounts/{id}/reject',","    urlParams: ['id'],","  }),","","  retrieve: function(id) {","    // No longer allow an api key to be passed as the first string to this function due to ambiguity between","    // old account ids and api keys. To request the account for an api key, send null as the id","    if (typeof id === 'string') {","      return stripeMethod({","        method: 'GET',","        path: 'accounts/{id}',","        urlParams: ['id'],","      }).apply(this, arguments);","    } else {","      if (id === null || id === undefined) {","        // Remove id as stripeMethod would complain of unexpected argument","        [].shift.apply(arguments);","      }","      return stripeMethod({","        method: 'GET',","        path: 'account',","      }).apply(this, arguments);","    }","  },","","  /**","   * Accounts: External account methods","   */","","  createExternalAccount: stripeMethod({","    method: 'POST',","    path: 'accounts/{accountId}/external_accounts',","    urlParams: ['accountId'],","  }),","","  listExternalAccounts: stripeMethod({","    method: 'GET',","    path: 'accounts/{accountId}/external_accounts',","    urlParams: ['accountId'],","  }),","","  retrieveExternalAccount: stripeMethod({","    method: 'GET',","    path: 'accounts/{accountId}/external_accounts/{externalAccountId}',","    urlParams: ['accountId', 'externalAccountId'],","  }),","","  updateExternalAccount: stripeMethod({","    method: 'POST',","    path: 'accounts/{accountId}/external_accounts/{externalAccountId}',","    urlParams: ['accountId', 'externalAccountId'],","  }),","","  deleteExternalAccount: stripeMethod({","    method: 'DELETE',","    path: 'accounts/{accountId}/external_accounts/{externalAccountId}',","    urlParams: ['accountId', 'externalAccountId'],","  }),","","});",""],"l":{"3":1,"4":1,"5":1,"7":1,"42":0,"43":0,"49":0,"51":0,"53":0}},"/home/travis/build/npmtest/node-npmtest-stripe/node_modules/stripe/lib/StripeResource.js":{"path":"/home/travis/build/npmtest/node-npmtest-stripe/node_modules/stripe/lib/StripeResource.js","s":{"1":1,"2":1,"3":1,"4":1,"5":1,"6":1,"7":1,"8":1,"9":1,"10":1,"11":1,"12":1,"13":0,"14":0,"15":0,"16":0,"17":0,"18":0,"19":0,"20":0,"21":0,"22":1,"23":0,"24":0,"25":0,"26":0,"27":0,"28":0,"29":0,"30":0,"31":0,"32":0,"33":0,"34":0,"35":0,"36":0,"37":0,"38":0,"39":0,"40":0,"41":0,"42":0,"43":0,"44":0,"45":0,"46":0,"47":0,"48":0,"49":0,"50":0,"51":0,"52":0,"53":0,"54":0,"55":0,"56":0,"57":0,"58":0,"59":0,"60":0,"61":0,"62":0,"63":0,"64":0,"65":0,"66":0,"67":0,"68":0,"69":0,"70":0,"71":0,"72":0,"73":0,"74":0,"75":0,"76":0,"77":0,"78":0,"79":0,"80":0,"81":0,"82":0,"83":0,"84":0,"85":0,"86":0,"87":0,"88":0,"89":1,"90":0,"91":0,"92":0,"93":0,"94":0,"95":0,"96":0,"97":0,"98":0,"99":0,"100":0,"101":1},"b":{"1":[0,0],"2":[0,0],"3":[0,0],"4":[0,0],"5":[0,0],"6":[0,0],"7":[0,0],"8":[0,0],"9":[0,0],"10":[0,0],"11":[0,0],"12":[0,0],"13":[0,0],"14":[0,0],"15":[0,0],"16":[0,0],"17":[0,0],"18":[0,0],"19":[0,0]},"f":{"1":0,"2":0,"3":0,"4":0,"5":0,"6":0,"7":0,"8":0,"9":0,"10":0,"11":0,"12":0,"13":0,"14":0,"15":0,"16":0,"17":0,"18":0,"19":0,"20":0,"21":0,"22":0,"23":0,"24":0},"fnMap":{"1":{"name":"StripeResource","line":24,"loc":{"start":{"line":24,"column":0},"end":{"line":24,"column":41}}},"2":{"name":"(anonymous_2)","line":33,"loc":{"start":{"line":33,"column":30},"end":{"line":33,"column":51}}},"3":{"name":"(anonymous_3)","line":45,"loc":{"start":{"line":45,"column":14},"end":{"line":45,"column":25}}},"4":{"name":"(anonymous_4)","line":58,"loc":{"start":{"line":58,"column":18},"end":{"line":58,"column":49}}},"5":{"name":"(anonymous_5)","line":70,"loc":{"start":{"line":70,"column":33},"end":{"line":70,"column":59}}},"6":{"name":"(anonymous_6)","line":77,"loc":{"start":{"line":77,"column":17},"end":{"line":77,"column":28}}},"7":{"name":"(anonymous_7)","line":88,"loc":{"start":{"line":88,"column":15},"end":{"line":88,"column":43}}},"8":{"name":"(anonymous_8)","line":91,"loc":{"start":{"line":91,"column":26},"end":{"line":91,"column":40}}},"9":{"name":"(anonymous_9)","line":92,"loc":{"start":{"line":92,"column":19},"end":{"line":92,"column":30}}},"10":{"name":"(anonymous_10)","line":93,"loc":{"start":{"line":93,"column":9},"end":{"line":93,"column":23}}},"11":{"name":"(anonymous_11)","line":94,"loc":{"start":{"line":94,"column":19},"end":{"line":94,"column":30}}},"12":{"name":"(anonymous_12)","line":101,"loc":{"start":{"line":101,"column":19},"end":{"line":101,"column":52}}},"13":{"name":"(anonymous_13)","line":103,"loc":{"start":{"line":103,"column":11},"end":{"line":103,"column":22}}},"14":{"name":"(anonymous_14)","line":121,"loc":{"start":{"line":121,"column":20},"end":{"line":121,"column":44}}},"15":{"name":"(anonymous_15)","line":123,"loc":{"start":{"line":123,"column":11},"end":{"line":123,"column":25}}},"16":{"name":"(anonymous_16)","line":127,"loc":{"start":{"line":127,"column":21},"end":{"line":127,"column":37}}},"17":{"name":"(anonymous_17)","line":130,"loc":{"start":{"line":130,"column":20},"end":{"line":130,"column":31}}},"18":{"name":"(anonymous_18)","line":183,"loc":{"start":{"line":183,"column":17},"end":{"line":183,"column":41}}},"19":{"name":"(anonymous_19)","line":185,"loc":{"start":{"line":185,"column":11},"end":{"line":185,"column":27}}},"20":{"name":"(anonymous_20)","line":201,"loc":{"start":{"line":201,"column":12},"end":{"line":201,"column":66}}},"21":{"name":"(anonymous_21)","line":229,"loc":{"start":{"line":229,"column":36},"end":{"line":229,"column":50}}},"22":{"name":"makeRequest","line":239,"loc":{"start":{"line":239,"column":4},"end":{"line":239,"column":27}}},"23":{"name":"(anonymous_23)","line":261,"loc":{"start":{"line":261,"column":23},"end":{"line":261,"column":40}}},"24":{"name":"(anonymous_24)","line":262,"loc":{"start":{"line":262,"column":72},"end":{"line":262,"column":83}}}},"statementMap":{"1":{"start":{"line":3,"column":0},"end":{"line":3,"column":27}},"2":{"start":{"line":4,"column":0},"end":{"line":4,"column":29}},"3":{"start":{"line":5,"column":0},"end":{"line":5,"column":44}},"4":{"start":{"line":6,"column":0},"end":{"line":6,"column":27}},"5":{"start":{"line":7,"column":0},"end":{"line":7,"column":34}},"6":{"start":{"line":9,"column":0},"end":{"line":9,"column":31}},"7":{"start":{"line":10,"column":0},"end":{"line":10,"column":31}},"8":{"start":{"line":12,"column":0},"end":{"line":12,"column":31}},"9":{"start":{"line":15,"column":0},"end":{"line":15,"column":42}},"10":{"start":{"line":18,"column":0},"end":{"line":18,"column":50}},"11":{"start":{"line":19,"column":0},"end":{"line":19,"column":63}},"12":{"start":{"line":24,"column":0},"end":{"line":39,"column":1}},"13":{"start":{"line":25,"column":2},"end":{"line":25,"column":24}},"14":{"start":{"line":26,"column":2},"end":{"line":26,"column":32}},"15":{"start":{"line":28,"column":2},"end":{"line":28,"column":76}},"16":{"start":{"line":29,"column":2},"end":{"line":29,"column":32}},"17":{"start":{"line":30,"column":2},"end":{"line":30,"column":51}},"18":{"start":{"line":32,"column":2},"end":{"line":36,"column":3}},"19":{"start":{"line":33,"column":4},"end":{"line":35,"column":13}},"20":{"start":{"line":34,"column":6},"end":{"line":34,"column":66}},"21":{"start":{"line":38,"column":2},"end":{"line":38,"column":41}},"22":{"start":{"line":41,"column":0},"end":{"line":271,"column":2}},"23":{"start":{"line":59,"column":4},"end":{"line":64,"column":26}},"24":{"start":{"line":71,"column":4},"end":{"line":74,"column":26}},"25":{"start":{"line":78,"column":4},"end":{"line":78,"column":21}},"26":{"start":{"line":80,"column":4},"end":{"line":84,"column":5}},"27":{"start":{"line":81,"column":6},"end":{"line":83,"column":7}},"28":{"start":{"line":82,"column":8},"end":{"line":82,"column":38}},"29":{"start":{"line":85,"column":4},"end":{"line":85,"column":19}},"30":{"start":{"line":89,"column":4},"end":{"line":96,"column":5}},"31":{"start":{"line":91,"column":6},"end":{"line":95,"column":9}},"32":{"start":{"line":92,"column":8},"end":{"line":92,"column":58}},"33":{"start":{"line":92,"column":32},"end":{"line":92,"column":52}},"34":{"start":{"line":94,"column":8},"end":{"line":94,"column":59}},"35":{"start":{"line":94,"column":32},"end":{"line":94,"column":52}},"36":{"start":{"line":98,"column":4},"end":{"line":98,"column":19}},"37":{"start":{"line":102,"column":4},"end":{"line":102,"column":20}},"38":{"start":{"line":103,"column":4},"end":{"line":118,"column":5}},"39":{"start":{"line":104,"column":6},"end":{"line":104,"column":46}},"40":{"start":{"line":105,"column":6},"end":{"line":105,"column":36}},"41":{"start":{"line":107,"column":6},"end":{"line":107,"column":28}},"42":{"start":{"line":108,"column":6},"end":{"line":108,"column":18}},"43":{"start":{"line":110,"column":6},"end":{"line":117,"column":8}},"44":{"start":{"line":122,"column":4},"end":{"line":122,"column":20}},"45":{"start":{"line":123,"column":4},"end":{"line":180,"column":6}},"46":{"start":{"line":124,"column":6},"end":{"line":124,"column":24}},"47":{"start":{"line":126,"column":6},"end":{"line":126,"column":30}},"48":{"start":{"line":127,"column":6},"end":{"line":129,"column":9}},"49":{"start":{"line":128,"column":8},"end":{"line":128,"column":26}},"50":{"start":{"line":130,"column":6},"end":{"line":179,"column":9}},"51":{"start":{"line":131,"column":8},"end":{"line":131,"column":40}},"52":{"start":{"line":133,"column":8},"end":{"line":171,"column":9}},"53":{"start":{"line":134,"column":10},"end":{"line":134,"column":42}},"54":{"start":{"line":138,"column":10},"end":{"line":138,"column":48}},"55":{"start":{"line":140,"column":10},"end":{"line":159,"column":11}},"56":{"start":{"line":141,"column":12},"end":{"line":141,"column":20}},"57":{"start":{"line":146,"column":12},"end":{"line":146,"column":55}},"58":{"start":{"line":147,"column":12},"end":{"line":147,"column":53}},"59":{"start":{"line":149,"column":12},"end":{"line":157,"column":13}},"60":{"start":{"line":150,"column":14},"end":{"line":150,"column":72}},"61":{"start":{"line":151,"column":19},"end":{"line":157,"column":13}},"62":{"start":{"line":152,"column":14},"end":{"line":152,"column":68}},"63":{"start":{"line":153,"column":19},"end":{"line":157,"column":13}},"64":{"start":{"line":154,"column":14},"end":{"line":154,"column":67}},"65":{"start":{"line":156,"column":14},"end":{"line":156,"column":63}},"66":{"start":{"line":158,"column":12},"end":{"line":158,"column":50}},"67":{"start":{"line":161,"column":10},"end":{"line":170,"column":12}},"68":{"start":{"line":173,"column":8},"end":{"line":177,"column":11}},"69":{"start":{"line":178,"column":8},"end":{"line":178,"column":44}},"70":{"start":{"line":184,"column":4},"end":{"line":184,"column":20}},"71":{"start":{"line":185,"column":4},"end":{"line":198,"column":5}},"72":{"start":{"line":186,"column":6},"end":{"line":189,"column":7}},"73":{"start":{"line":188,"column":8},"end":{"line":188,"column":15}},"74":{"start":{"line":190,"column":6},"end":{"line":197,"column":8}},"75":{"start":{"line":202,"column":4},"end":{"line":202,"column":20}},"76":{"start":{"line":203,"column":4},"end":{"line":203,"column":20}},"77":{"start":{"line":205,"column":4},"end":{"line":209,"column":5}},"78":{"start":{"line":206,"column":6},"end":{"line":206,"column":77}},"79":{"start":{"line":208,"column":6},"end":{"line":208,"column":59}},"80":{"start":{"line":211,"column":4},"end":{"line":211,"column":57}},"81":{"start":{"line":213,"column":4},"end":{"line":222,"column":6}},"82":{"start":{"line":224,"column":4},"end":{"line":226,"column":5}},"83":{"start":{"line":225,"column":6},"end":{"line":225,"column":45}},"84":{"start":{"line":229,"column":4},"end":{"line":237,"column":7}},"85":{"start":{"line":230,"column":6},"end":{"line":230,"column":50}},"86":{"start":{"line":232,"column":6},"end":{"line":234,"column":7}},"87":{"start":{"line":233,"column":8},"end":{"line":233,"column":47}},"88":{"start":{"line":236,"column":6},"end":{"line":236,"column":20}},"89":{"start":{"line":239,"column":4},"end":{"line":268,"column":5}},"90":{"start":{"line":240,"column":6},"end":{"line":240,"column":56}},"91":{"start":{"line":241,"column":6},"end":{"line":241,"column":80}},"92":{"start":{"line":243,"column":6},"end":{"line":243,"column":71}},"93":{"start":{"line":245,"column":6},"end":{"line":255,"column":9}},"94":{"start":{"line":257,"column":6},"end":{"line":257,"column":76}},"95":{"start":{"line":258,"column":6},"end":{"line":258,"column":63}},"96":{"start":{"line":259,"column":6},"end":{"line":259,"column":57}},"97":{"start":{"line":261,"column":6},"end":{"line":267,"column":9}},"98":{"start":{"line":262,"column":8},"end":{"line":266,"column":11}},"99":{"start":{"line":264,"column":10},"end":{"line":264,"column":33}},"100":{"start":{"line":265,"column":10},"end":{"line":265,"column":20}},"101":{"start":{"line":273,"column":0},"end":{"line":273,"column":32}}},"branchMap":{"1":{"line":26,"type":"binary-expr","locations":[{"start":{"line":26,"column":18},"end":{"line":26,"column":25}},{"start":{"line":26,"column":29},"end":{"line":26,"column":31}}]},"2":{"line":32,"type":"if","locations":[{"start":{"line":32,"column":2},"end":{"line":32,"column":2}},{"start":{"line":32,"column":2},"end":{"line":32,"column":2}}]},"3":{"line":62,"type":"cond-expr","locations":[{"start":{"line":63,"column":8},"end":{"line":63,"column":28}},{"start":{"line":63,"column":31},"end":{"line":63,"column":42}}]},"4":{"line":81,"type":"if","locations":[{"start":{"line":81,"column":6},"end":{"line":81,"column":6}},{"start":{"line":81,"column":6},"end":{"line":81,"column":6}}]},"5":{"line":89,"type":"if","locations":[{"start":{"line":89,"column":4},"end":{"line":89,"column":4}},{"start":{"line":89,"column":4},"end":{"line":89,"column":4}}]},"6":{"line":131,"type":"binary-expr","locations":[{"start":{"line":131,"column":22},"end":{"line":131,"column":33}},{"start":{"line":131,"column":37},"end":{"line":131,"column":39}}]},"7":{"line":140,"type":"if","locations":[{"start":{"line":140,"column":10},"end":{"line":140,"column":10}},{"start":{"line":140,"column":10},"end":{"line":140,"column":10}}]},"8":{"line":149,"type":"if","locations":[{"start":{"line":149,"column":12},"end":{"line":149,"column":12}},{
[...]
"line":6,"column":55}}},"2":{"name":"push","line":11,"loc":{"start":{"line":11,"column":2},"end":{"line":11,"column":19}}},"3":{"name":"q","line":20,"loc":{"start":{"line":20,"column":2},"end":{"line":20,"column":16}}}},"statementMap":{"1":{"start":{"line":6,"column":0},"end":{"line":41,"column":1}},"2":{"start":{"line":7,"column":2},"end":{"line":7,"column":95}},"3":{"start":{"line":8,"column":2},"end":{"line":8,"column":71}},"4":{"start":{"line":9,"column":2},"end":{"line":9,"column":29}},"5":{"start":{"line":11,"column":2},"end":{"line":18,"column":3}},"6":{"start":{"line":12,"column":4},"end":{"line":12,"column":28}},"7":{"start":{"line":13,"column":4},"end":{"line":13,"column":62}},"8":{"start":{"line":14,"column":4},"end":{"line":14,"column":66}},"9":{"start":{"line":15,"column":4},"end":{"line":15,"column":28}},"10":{"start":{"line":16,"column":4},"end":{"line":16,"column":46}},"11":{"start":{"line":17,"column":4},"end":{"line":17,"column":44}},"12":{"start":{"line":20,"column":2},"end":{"line":22,"column":3}},"13":{"start":{"line":21,"column":4},"end":{"line":21,"column":76}},"14":{"start":{"line":24,"column":2},"end":{"line":37,"column":3}},"15":{"start":{"line":25,"column":4},"end":{"line":25,"column":20}},"16":{"start":{"line":26,"column":4},"end":{"line":26,"column":23}},"17":{"start":{"line":27,"column":4},"end":{"line":36,"column":5}},"18":{"start":{"line":28,"column":6},"end":{"line":28,"column":97}},"19":{"start":{"line":29,"column":6},"end":{"line":29,"column":70}},"20":{"start":{"line":30,"column":6},"end":{"line":30,"column":15}},"21":{"start":{"line":31,"column":6},"end":{"line":31,"column":19}},"22":{"start":{"line":33,"column":6},"end":{"line":33,"column":59}},"23":{"start":{"line":34,"column":6},"end":{"line":34,"column":15}},"24":{"start":{"line":35,"column":6},"end":{"line":35,"column":14}},"25":{"start":{"line":38,"column":2},"end":{"line":38,"column":28}},"26":{"start":{"line":40,"column":2},"end":{"line":40,"column":16}},"27":{"start":{"line":43,"column":0},"end":{"line":43,"column":40}}},"branchMap":{"1":{"line":13,"type":"cond-expr","locations":[{"start":{"line":13,"column":44},"end":{"line":13,"column":45}},{"start":{"line":13,"column":48},"end":{"line":13,"column":61}}]},"2":{"line":27,"type":"if","locations":[{"start":{"line":27,"column":4},"end":{"line":27,"column":4}},{"start":{"line":27,"column":4},"end":{"line":27,"column":4}}]},"3":{"line":28,"type":"binary-expr","locations":[{"start":{"line":28,"column":78},"end":{"line":28,"column":84}},{"start":{"line":28,"column":88},"end":{"line":28,"column":94}}]},"4":{"line":29,"type":"binary-expr","locations":[{"start":{"line":29,"column":31},"end":{"line":29,"column":37}},{"start":{"line":29,"column":41},"end":{"line":29,"column":67}}]}},"code":["'use strict';","","// Method for formatting HTTP body for the multipart/form-data specification","// Mostly taken from Fermata.js","// https://github.com/natevw/fermata/blob/5d9732a33d776ce925013a265935facd1626cc88/fermata.js#L315-L343","function multipartDataGenerator(method, data, headers) {","  var segno = (Math.round(Math.random() * 1e16) + Math.round(Math.random() * 1e16)).toString();","  headers['Content-Type'] = ('multipart/form-data; boundary=' + segno);","  var buffer = new Buffer(0);","","  function push(l) {","    var prevBuffer = buffer;","    var newBuffer = (l instanceof Buffer) ? l : new Buffer(l);","    buffer = new Buffer(prevBuffer.length + newBuffer.length + 2);","    prevBuffer.copy(buffer);","    newBuffer.copy(buffer, prevBuffer.length);","    buffer.write('\\r\\n', buffer.length - 2);","  }","","  function q(s) {","    return '\"' + s.replace(/\"|\"/g, '%22').replace(/\\r\\n|\\r|\\n/g, ' ') + '\"';","  }","","  for (var k in data) {","    var v = data[k];","    push('--' + segno);","    if (v.hasOwnProperty('data')) {","      push('Content-Disposition: form-data; name=' + q(k) + '; filename=' + q(v.name || 'blob'));","      push('Content-Type: ' + (v.type || 'application/octet-stream'));","      push('');","      push(v.data);","    } else {","      push('Content-Disposition: form-data; name=' + q(k));","      push('');","      push(v);","    }","  };","  push('--' + segno + '--');","","  return buffer;","};","","module.exports = multipartDataGenerator;",""],"l":{"6":1,"7":0,"8":0,"9":0,"11":1,"12":0,"13":0,"14":0,"15":0,"16":0,"17":0,"20":1,"21":0,"24":0,"25":0,"26":0,"27":0,"28":0,"29":0,"30":0,"31":0,"33":0,"34":0,"35":0,"38":0,"40":0,"43":1}},"/home/travis/build/npmtest/node-npmtest-stripe/node_modules/stripe/lib/resources/BitcoinReceivers.js":{"path":"/home/travis/build/npmtest/node-npmtest-stripe/node_modules/stripe/lib/resources/BitcoinReceivers.js","s":{"1":1,"2":1,"3":1},"b":{},"f":{},"fnMap":{},"statementMap":{"1":{"start":{"line":3,"column":0},"end":{"line":3,"column":50}},"2":{"start":{"line":4,"column":0},"end":{"line":4,"column":41}},"3":{"start":{"line":6,"column":0},"end":{"line":20,"column":3}}},"branchMap":{},"code":["'use strict';","","var StripeResource = require('../StripeResource');","var stripeMethod = StripeResource.method;","","module.exports = StripeResource.extend({","","  path: 'bitcoin/receivers',","","  includeBasic: [","    'create', 'list', 'retrieve',","    'update', 'setMetadata', 'getMetadata',","  ],","","  listTransactions: stripeMethod({","    method: 'GET',","    path: '/{receiverId}/transactions',","    urlParams: ['receiverId'],","  }),","});",""],"l":{"3":1,"4":1,"6":1}},"/home/travis/build/npmtest/node-npmtest-stripe/node_modules/stripe/lib/resources/Products.js":{"path":"/home/travis/build/npmtest/node-npmtest-stripe/node_modules/stripe/lib/resources/Products.js","s":{"1":1,"2":1,"3":1,"4":1},"b":{},"f":{},"fnMap":{},"statementMap":{"1":{"start":{"line":3,"column":0},"end":{"line":3,"column":50}},"2":{"start":{"line":4,"column":0},"end":{"line":4,"column":41}},"3":{"start":{"line":5,"column":0},"end":{"line":5,"column":32}},"4":{"start":{"line":7,"column":0},"end":{"line":20,"column":3}}},"branchMap":{},"code":["'use strict';","","var StripeResource = require('../StripeResource');","var stripeMethod = StripeResource.method;","var utils = require('../utils');","","module.exports = StripeResource.extend({","","  path: 'products',","","  includeBasic: [","    'list', 'retrieve', 'update', 'del',","  ],","","  create: stripeMethod({","    method: 'POST',","    required: ['name'],","  }),","","});",""],"l":{"3":1,"4":1,"5":1,"7":1}},"/home/travis/build/npmtest/node-npmtest-stripe/node_modules/stripe/lib/resources/SKUs.js":{"path":"/home/travis/build/npmtest/node-npmtest-stripe/node_modules/stripe/lib/resources/SKUs.js","s":{"1":1,"2":1,"3":1,"4":1},"b":{},"f":{},"fnMap":{},"statementMap":{"1":{"start":{"line":3,"column":0},"end":{"line":3,"column":50}},"2":{"start":{"line":4,"column":0},"end":{"line":4,"column":41}},"3":{"start":{"line":5,"column":0},"end":{"line":5,"column":32}},"4":{"start":{"line":7,"column":0},"end":{"line":20,"column":3}}},"branchMap":{},"code":["'use strict';","","var StripeResource = require('../StripeResource');","var stripeMethod = StripeResource.method;","var utils = require('../utils');","","module.exports = StripeResource.extend({","","  path: 'skus',","","  includeBasic: [","    'list', 'retrieve', 'update', 'del',","  ],","","  create: stripeMethod({","    method: 'POST',","    required: ['currency', 'inventory', 'price', 'product'],","  }),","","});",""],"l":{"3":1,"4":1,"5":1,"7":1}},"/home/travis/build/npmtest/node-npmtest-stripe/node_modules/stripe/lib/resources/Orders.js":{"path":"/home/travis/build/npmtest/node-npmtest-stripe/node_modules/stripe/lib/resources/Orders.js","s":{"1":1,"2":1,"3":1,"4":1},"b":{},"f":{},"fnMap":{},"statementMap":{"1":{"start":{"line":3,"column":0},"end":{"line":3,"column":50}},"2":{"start":{"line":4,"column":0},"end":{"line":4,"column":41}},"3":{"start":{"line":5,"column":0},"end":{"line":5,"column":32}},"4":{"start":{"line":7,"column":0},"end":{"line":32,"column":3}}},"branchMap":{},"code":["'use strict';","","var StripeResource = require('../StripeResource');","var stripeMethod = StripeResource.method;","var utils = require('../utils');","","module.exports = StripeResource.extend({","","  path: 'orders',","","  includeBasic: [","    'list', 'retrieve', 'update',","  ],","","  create: stripeMethod({","    method: 'POST',","    required: ['currency'],","  }),","","  pay: stripeMethod({","    method: 'POST',","    path: '/{orderId}/pay',","    urlParams: ['orderId'],","  }),","","  returnOrder: stripeMethod({","    method: 'POST',","    path: '/{orderId}/returns',","    urlParams: ['orderId'],","  }),","","});",""],"l":{"3":1,"4":1,"5":1,"7":1}},"/home/travis/build/npmtest/node-npmtest-stripe/node_modules/stripe/lib/resources/OrderReturns.js":{"path":"/home/travis/build/npmtest/node-npmtest-stripe/node_modules/stripe/lib/resources/OrderReturns.js","s":{"1":1,"2":1,"3":1,"4":1},"b":{},"f":{},"fnMap":{},"statementMap":{"1":{"start":{"line":3,"column":0},"end":{"line":3,"column":50}},"2":{"start":{"line":4,"column":0},"end":{"line":4,"column":41}},"3":{"start":{"line":5,"column":0},"end":{"line":5,"column":32}},"4":{"start":{"line":7,"column":0},"end":{"line":14,"column":3}}},"branchMap":{},"code":["'use strict';","","var StripeResource = require('../StripeResource');","var stripeMethod = StripeResource.method;","var utils = require('../utils');","","module.exports = StripeResource.extend({","","  path: 'order_returns',","","  includeBasic: [","    'list', 'retrieve',","  ],","});",""],"l":{"3":1,"4":1,"5":1,"7":1}},"/home/travis/build/npmtest/node-npmtest-stripe/node_modules/stripe/lib/resources/Subscriptions.js":{"path":"/home/travis/build/npmtest/node-npmtest-stripe/node_modules/stripe/lib/resources/Subscriptions.js","s":{"1":1,"2":1,"3":1,"4":1,"5":0,"6":0,"7":0,"8":1},"b":{"1":[0,0]},"f":{"1":0},"fnMap":{"1":{"name":"encode","line":7,"loc":{"start":{"line":7,"column":0},"end":{"line":7,"column":22}}}},"statementMap":{"1":{"start":{"line":3,"column":0},"end":{"line":3,"column":50}},"2":{"start":{"line":4,"column":0},"end":{"line":4,"column":32}},"3":{"start":{"line":5,"column":0},"end":{"line":5,"column":41}},"4":{"start":{"line":7,"column":0},"end":{"line":12,"column":1}},"5":{"start":{"line":8,"column":2},"end":{"line":10,"column":3}},"6":{"start":{"line":9,"column":4},"end":{"line":9,"column":49}},"7":{"start":{"line":11,"column":2},"end":{"line":11,"column":14}},"8":{"start":{"line":14,"column":0},"end":{"line":39,"column":3}}},"branchMap":{"1":{"line":8,"type":"if","locations":[{"start":{"line":8,"column":2},"end":{"line":8,"column":2}},{"start":{"line":8,"column":2},"end":{"line":8,"column":2}}]}},"code":["'use strict';","","var StripeResource = require('../StripeResource');","var utils = require('../utils');","var stripeMethod = StripeResource.method;","","function encode(data) {","  if (data.items !== undefined) {","    data.items = utils.arrayToObject(data.items);","  }","  return data;","}","","module.exports = StripeResource.extend({","","  path: 'subscriptions',","  includeBasic: ['list', 'retrieve', 'del',],","","  create: stripeMethod({","    method: 'POST',","    encode: encode,","  }),","","  update: stripeMethod({","    method: 'POST',","    path: '{id}',","    urlParams: ['id'],","    encode: encode,","  }),","","  /**","   * Subscription: Discount methods","   */","  deleteDiscount: stripeMethod({","    method: 'DELETE',","    path: '/{subscriptionId}/discount',","    urlParams: ['subscriptionId'],","  }),","});",""],"l":{"3":1,"4":1,"5":1,"7":1,"8":0,"9":0,"11":0,"14":1}},"/home/travis/build/npmtest/node-npmtest-stripe/node_modules/stripe/lib/resources/SubscriptionItems.js":{"path":"/home/travis/build/npmtest/node-npmtest-stripe/node_modules/stripe/lib/resources/SubscriptionItems.js","s":{"1":1,"2":1},"b":{},"f":{},"fnMap":{},"statementMap":{"1":{"start":{"line":3,"column":0},"end":{"line":3,"column":50}},"2":{"start":{"line":5,"column":0},"end":{"line":8,"column":3}}},"branchMap":{},"code":["'use strict';","","var StripeResource = require('../StripeResource');","","module.exports = StripeResource.extend({","  path: 'subscription_items',","  includeBasic: ['create', 'list', 'retrieve', 'update', 'del',],","});","",""],"l":{"3":1,"5":1}},"/home/travis/build/npmtest/node-npmtest-stripe/node_modules/stripe/lib/resources/ThreeDSecure.js":{"path":"/home/travis/build/npmtest/node-npmtest-stripe/node_modules/stripe/lib/resources/ThreeDSecure.js","s":{"1":1,"2":1,"3":1},"b":{},"f":{},"fnMap":{},"statementMap":{"1":{"start":{"line":3,"column":0},"end":{"line":3,"column":50}},"2":{"start":{"line":4,"column":0},"end":{"line":4,"column":41}},"3":{"start":{"line":6,"column":0},"end":{"line":14,"column":3}}},"branchMap":{},"code":["'use strict';","","var StripeResource = require('../StripeResource');","var stripeMethod = StripeResource.method;","","module.exports = StripeResource.extend({","","  path: '3d_secure',","","  includeBasic: [","    'create',","    'retrieve',","  ],","});",""],"l":{"3":1,"4":1,"6":1}},"/home/travis/build/npmtest/node-npmtest-stripe/node_modules/stripe/lib/resources/Sources.js":{"path":"/home/travis/build/npmtest/node-npmtest-stripe/node_modules/stripe/lib/resources/Sources.js","s":{"1":1,"2":1,"3":1},"b":{},"f":{},"fnMap":{},"statementMap":{"1":{"start":{"line":3,"column":0},"end":{"line":3,"column":50}},"2":{"start":{"line":4,"column":0},"end":{"line":4,"column":41}},"3":{"start":{"line":6,"column":0},"end":{"line":20,"column":3}}},"branchMap":{},"code":["'use strict';","","var StripeResource = require('../StripeResource');","var stripeMethod = StripeResource.method;","","module.exports = StripeResource.extend({","","  path: 'sources',","","  includeBasic: [","    'create', 'retrieve', 'update', 'setMetadata', 'getMetadata',","  ],","","  verify: stripeMethod({","    method: 'POST',","    path: '/{id}/verify',","    urlParams: ['id'],","  }),","","});",""],"l":{"3":1,"4":1,"6":1}},"/home/travis/build/npmtest/node-npmtest-stripe/node_modules/stripe/lib/resources/CustomerCards.js":{"path":"/home/travis/build/npmtest/node-npmtest-stripe/node_modules/stripe/lib/resources/CustomerCards.js","s":{"1":1,"2":1},"b":{},"f":{},"fnMap":{},"statementMap":{"1":{"start":{"line":3,"column":0},"end":{"line":3,"column":50}},"2":{"start":{"line":16,"column":0},"end":{"line":19,"column":3}}},"branchMap":{},"code":["'use strict';","","var StripeResource = require('../StripeResource');","","/**"," * CustomerCard is a unique resource in that, upon instantiation,"," * requires a customerId, and therefore each of its methods only"," * require the cardId argument."," *"," * This streamlines the API specifically for the case of accessing cards"," * on a returned customer object."," *"," * E.g. customerObject.cards.retrieve(cardId)"," * (As opposed to the also-supported stripe.customers.retrieveCard(custId, cardId))"," */","module.exports = StripeResource.extend({","  path: 'customers/{customerId}/cards',","  includeBasic: ['create', 'list', 'retrieve', 'update', 'del'],","});",""],"l":{"3":1,"16":1}},"/home/travis/build/npmtest/node-npmtest-stripe/node_modules/stripe/lib/resources/CustomerSubscriptions.js":{"path":"/home/travis/build/npmtest/node-npmtest-stripe/node_modules/stripe/lib/resources/CustomerSubscriptions.js","s":{"1":1,"2":1,"3":1},"b":{},"f":{},"fnMap":{},"statementMap":{"1":{"start":{"line":3,"column":0},"end":{"line":3,"column":50}},"2":{"start":{"line":4,"column":0},"end":{"line":4,"column":41}},"3":{"start":{"line":17,"column":0},"end":{"line":30,"column":3}}},"branchMap":{},"code":["'use strict';","","var StripeResource = require('../StripeResource');","var stripeMethod = StripeResource.method;","","/**"," * CustomerSubscription is a unique resource in that, upon instantiation,"," * requires a customerId, and therefore each of its methods only"," * require the subscriptionId argument."," *"," * This streamlines the API specifically for the case of accessing cards"," * on a returned customer object."," *"," * E.g. customerObject.cards.retrieve(cardId)"," * (As opposed to the also-supported stripe.customers.retrieveCard(custId, cardId))"," */","module.exports = StripeResource.extend({","  path: 'customers/{customerId}/subscriptions',","  includeBasic: ['create', 'list', 'retrieve', 'update', 'del'],","","  /**","   * Customer: Discount methods","   */","","  deleteDiscount: stripeMethod({","    method: 'DELETE',","    path: '/{subscriptionId}/discount',","    urlParams: ['customerId', 'subscriptionId'],","  }),","});",""],"l":{"3":1,"4":1,"17":1}},"/home/travis/build/npmtest/node-npmtest-stripe/node_modules/stripe/lib/resources/ChargeRefunds.js":{"path":"/home/travis/build/npmtest/node-npmtest-stripe/node_modules/stripe/lib/resources/ChargeRefunds.js","s":{"1":1,"2":1},"b":{},"f":{},"fnMap":{},"statementMap":{"1":{"start":{"line":3,"column":0},"end":{"line":3,"column":50}},"2":{"start":{"line":17,"column":0},"end":{"line":20,"column":3}}},"branchMap":{},"code":["'use strict';","","var StripeResource = require('../StripeResource');","","/**"," * ChargeRefunds is a unique resource in that, upon instantiation,"," * requires a chargeId, and therefore each of its methods only"," * require the refundId argument."," *"," * This streamlines the API specifically for the case of accessing refunds"," * on a returned charge object."," *"," * E.g. chargeObject.refunds.retrieve(refundId)"," * (As opposed to the also-supported stripe.charges.retrieveRefund(chargeId,"," * refundId))"," */","module.exports = StripeResource.extend({","  path: 'charges/{chargeId}/refunds',","  includeBasic: ['create', 'list', 'retrieve', 'update'],","});",""],"l":{"3":1,"17":1}},"/home/travis/build/npmtest/node-npmtest-stripe/node_modules/stripe/lib/resources/ApplicationFeeRefunds.js":{"path":"/home/travis/build/npmtest/node-npmtest-stripe/node_modules/stripe/lib/resources/ApplicationFeeRefunds.js","s":{"1":1,"2":1},"b":{},"f":{},"fnMap":{},"statementMap":{"1":{"start":{"line":3,"column":0},"end":{"line":3,"column":50}},"2":{"start":{"line":17,"column":0},"end":{"line":20,"column":3}}},"branchMap":{},"code":["'use strict';","","var StripeResource = require('../StripeResource');","","/**"," * ApplicationFeeRefunds is a unique resource in that, upon instantiation,"," * requires an application fee id , and therefore each of its methods only"," * require the refundId argument."," *"," * This streamlines the API specifically for the case of accessing refunds"," * on a returned application fee object."," *"," * E.g. applicationFeeObject.refunds.retrieve(refundId)"," * (As opposed to the also-supported stripe.applicationFees.retrieveRefund(chargeId,"," * refundId))"," */","module.exports = StripeResource.extend({","  path: 'application_fees/{feeId}/refunds',","  includeBasic: ['create', 'list', 'retrieve', 'update'],","});",""],"l":{"3":1,"17":1}},"/home/travis/build/npmtest/node-npmtest-stripe/node_modules/stripe/lib/resources/TransferReversals.js":{"path":"/home/travis/build/npmtest/node-npmtest-stripe/node_modules/stripe/lib/resources/TransferReversals.js","s":{"1":1,"2":1},"b":{},"f":{},"fnMap":{},"statementMap":{"1":{"start":{"line":3,"column":0},"end":{"line":3,"column":50}},"2":{"start":{"line":17,"column":0},"end":{"line":20,"column":3}}},"branchMap":{},"code":["'use strict';","","var StripeResource = require('../StripeResource');","","/**"," * TransferReversals is a unique resource in that, upon instantiation,"," * requires a transferId, and therefore each of its methods only"," * require the reversalId argument."," *"," * This streamlines the API specifically for the case of accessing reversals"," * on a returned transfer object."," *"," * E.g. transferObject.reversals.retrieve(reversalId)"," * (As opposed to the also-supported stripe.transfers.retrieveReversal(transferId,"," * reversalId))"," */","module.exports = StripeResource.extend({","  path: 'transfers/{transferId}/reversals',","  includeBasic: ['create', 'list', 'retrieve', 'update'],","});","",""],"l":{"3":1,"17":1}}}